#
# There is insufficient memory for the Java Runtime Environment to continue.
# Native memory allocation (malloc) failed to allocate 32744 bytes for Chunk::new
# Possible reasons:
#   The system is out of physical RAM or swap space
#   The process is running with CompressedOops enabled, and the Java Heap may be blocking the growth of the native heap
# Possible solutions:
#   Reduce memory load on the system
#   Increase physical memory or swap space
#   Check if swap backing store is full
#   Decrease Java heap size (-Xmx/-Xms)
#   Decrease number of Java threads
#   Decrease Java thread stack sizes (-Xss)
#   Set larger code cache with -XX:ReservedCodeCacheSize=
#   JVM is running with Unscaled Compressed Oops mode in which the Java heap is
#     placed in the first 4GB address space. The Java Heap base address is the
#     maximum limit for the native heap growth. Please use -XX:HeapBaseMinAddress
#     to set the Java Heap base and to place the Java Heap above 4GB virtual address.
# This output file may be truncated or incomplete.
#
#  Out of Memory Error (arena.cpp:184), pid=14568, tid=15000
#
# JRE version: Java(TM) SE Runtime Environment (19.0.2+7) (build 19.0.2+7-44)
# Java VM: Java HotSpot(TM) 64-Bit Server VM (19.0.2+7-44, mixed mode, sharing, tiered, compressed oops, compressed class ptrs, g1 gc, windows-amd64)
# No core dump will be written. Minidumps are not enabled by default on client versions of Windows
#

---------------  S U M M A R Y ------------

Command Line: -Dclassworlds.conf=C:\Program Files\NetBeans-14\netbeans\java\maven\bin\m2.conf -Dmaven.home=C:\Program Files\NetBeans-14\netbeans\java\maven -Dlibrary.jansi.path=C:\Program Files\NetBeans-14\netbeans\java\maven\lib\jansi-native -Dmaven.multiModuleProjectDirectory=C:\Users\Pichau\Documents\NetBeansProjects\cadastrarAlunos org.codehaus.plexus.classworlds.launcher.Launcher -Dexec.vmArgs= -Dexec.args=${exec.vmArgs} -classpath %classpath ${exec.mainClass} ${exec.appArgs} -Dexec.executable=C:\Program Files\Java\jdk-19\bin\java.exe -Dexec.mainClass=com.mycompany.cadastraralunos.CadastrarAlunos -Dexec.classpathScope=runtime -Dexec.appArgs= -Dmaven.ext.class.path=C:\Program Files\NetBeans-14\netbeans\java\maven-nblib\netbeans-eventspy.jar org.codehaus.mojo:exec-maven-plugin:3.0.0:exec

Host: Intel(R) Core(TM) i5-10400F CPU @ 2.90GHz, 12 cores, 7G,  Windows 10 , 64 bit Build 19041 (10.0.19041.2546)
Time: Sun Mar 19 20:59:52 2023 Hora oficial do Brasil elapsed time: 0.237353 seconds (0d 0h 0m 0s)

---------------  T H R E A D  ---------------

Current thread (0x00000295d0add680):  JavaThread "C2 CompilerThread0" daemon [_thread_in_native, id=15000, stack(0x000000f4ab500000,0x000000f4ab600000)]


Current CompileTask:
C2:    237  730 %     4       java.lang.StringLatin1::inflate @ 3 (34 bytes)

Stack: [0x000000f4ab500000,0x000000f4ab600000]
Native frames: (J=compiled Java code, j=interpreted, Vv=VM code, C=native code)
V  [jvm.dll+0x6ee21a]
V  [jvm.dll+0x85765e]
V  [jvm.dll+0x85904e]
V  [jvm.dll+0x859703]
V  [jvm.dll+0x28298f]
V  [jvm.dll+0xc9adf]
V  [jvm.dll+0xc9e65]
V  [jvm.dll+0x679f4e]
V  [jvm.dll+0x67a0ef]
V  [jvm.dll+0x67a0ef]
V  [jvm.dll+0x67fbfc]
V  [jvm.dll+0x680c0c]
V  [jvm.dll+0x67f064]
V  [jvm.dll+0x24c25e]
V  [jvm.dll+0x24b781]
V  [jvm.dll+0x1d6ce1]
V  [jvm.dll+0x25b25a]
V  [jvm.dll+0x2596e8]
V  [jvm.dll+0x807588]
V  [jvm.dll+0x80125a]
V  [jvm.dll+0x6ecf0b]
C  [ucrtbase.dll+0x21bb2]
C  [KERNEL32.DLL+0x17614]
C  [ntdll.dll+0x526a1]


---------------  P R O C E S S  ---------------

Threads class SMR info:
_java_thread_list=0x00000295d551e1a0, length=12, elements={
0x00000295b06d52c0, 0x00000295d0ad1330, 0x00000295d0ad2fd0, 0x00000295d0ad6210,
0x00000295d0ad8dd0, 0x00000295d0ad9e00, 0x00000295d0adaa10, 0x00000295d0add680,
0x00000295d0ae3980, 0x00000295d0ae4430, 0x00000295d5519160, 0x00000295d5524140
}

Java Threads: ( => current thread )
  0x00000295b06d52c0 JavaThread "main" [_thread_in_vm, id=6156, stack(0x000000f4aa800000,0x000000f4aa900000)]
  0x00000295d0ad1330 JavaThread "Reference Handler" daemon [_thread_blocked, id=5628, stack(0x000000f4aaf00000,0x000000f4ab000000)]
  0x00000295d0ad2fd0 JavaThread "Finalizer" daemon [_thread_blocked, id=1428, stack(0x000000f4ab000000,0x000000f4ab100000)]
  0x00000295d0ad6210 JavaThread "Signal Dispatcher" daemon [_thread_blocked, id=10180, stack(0x000000f4ab100000,0x000000f4ab200000)]
  0x00000295d0ad8dd0 JavaThread "Attach Listener" daemon [_thread_blocked, id=976, stack(0x000000f4ab200000,0x000000f4ab300000)]
  0x00000295d0ad9e00 JavaThread "Service Thread" daemon [_thread_blocked, id=3412, stack(0x000000f4ab300000,0x000000f4ab400000)]
  0x00000295d0adaa10 JavaThread "Monitor Deflation Thread" daemon [_thread_blocked, id=3840, stack(0x000000f4ab400000,0x000000f4ab500000)]
=>0x00000295d0add680 JavaThread "C2 CompilerThread0" daemon [_thread_in_native, id=15000, stack(0x000000f4ab500000,0x000000f4ab600000)]
  0x00000295d0ae3980 JavaThread "C1 CompilerThread0" daemon [_thread_in_native, id=12820, stack(0x000000f4ab600000,0x000000f4ab700000)]
  0x00000295d0ae4430 JavaThread "Sweeper thread" daemon [_thread_blocked, id=5840, stack(0x000000f4ab700000,0x000000f4ab800000)]
  0x00000295d5519160 JavaThread "Notification Thread" daemon [_thread_blocked, id=8420, stack(0x000000f4ab800000,0x000000f4ab900000)]
  0x00000295d5524140 JavaThread "Common-Cleaner" daemon [_thread_blocked, id=7364, stack(0x000000f4aba00000,0x000000f4abb00000)]

Other Threads:
  0x00000295d0abb440 VMThread "VM Thread" [stack: 0x000000f4aae00000,0x000000f4aaf00000] [id=14092]
  0x00000295d551fcd0 WatcherThread "VM Periodic Task Thread" [stack: 0x000000f4ab900000,0x000000f4aba00000] [id=10188]
  0x00000295b0734a00 WorkerThread "GC Thread#0" [stack: 0x000000f4aa900000,0x000000f4aaa00000] [id=1648]
  0x00000295b07454e0 ConcurrentGCThread "G1 Main Marker" [stack: 0x000000f4aaa00000,0x000000f4aab00000] [id=1152]
  0x00000295b0746150 WorkerThread "G1 Conc#0" [stack: 0x000000f4aab00000,0x000000f4aac00000] [id=14548]
  0x00000295d0976330 ConcurrentGCThread "G1 Refine#0" [stack: 0x000000f4aac00000,0x000000f4aad00000] [id=15124]
  0x00000295b078c360 ConcurrentGCThread "G1 Service" [stack: 0x000000f4aad00000,0x000000f4aae00000] [id=9988]

Threads with active compile tasks:
C2 CompilerThread0      262  730 %     4       java.lang.StringLatin1::inflate @ 3 (34 bytes)
C1 CompilerThread0      262  744       3       java.net.URLStreamHandler::parseURL (1124 bytes)

VM state: not at safepoint (normal execution)

VM Mutex/Monitor currently owned by a thread:  ([mutex/lock_event])
[0x00000295b06cf7b0] Metaspace_lock - owner thread: 0x00000295b06d52c0

Heap address: 0x0000000082400000, size: 2012 MB, Compressed Oops mode: 32-bit

CDS archive(s) mapped at: [0x0000000800000000-0x0000000800c40000-0x0000000800c40000), size 12845056, SharedBaseAddress: 0x0000000800000000, ArchiveRelocationMode: 0.
Compressed class space mapped at: 0x0000000801000000-0x0000000841000000, reserved size: 1073741824
Narrow klass base: 0x0000000800000000, Narrow klass shift: 0, Narrow klass range: 0x100000000

GC Precious Log:
 CardTable entry size: 512
 Card Set container configuration: InlinePtr #cards 5 size 8 Array Of Cards #cards 12 size 40 Howl #buckets 4 coarsen threshold 1843 Howl Bitmap #cards 512 size 80 coarsen threshold 460 Card regions per heap region 1 cards per card region 2048
 CPUs: 12 total, 12 available
 Memory: 8044M
 Large Page Support: Disabled
 NUMA Support: Disabled
 Compressed Oops: Enabled (32-bit)
 Heap Region Size: 1M
 Heap Min Capacity: 8M
 Heap Initial Capacity: 126M
 Heap Max Capacity: 2012M
 Pre-touch: Disabled
 Parallel Workers: 10
 Concurrent Workers: 3
 Concurrent Refinement Workers: 10
 Periodic GC: Disabled

Heap:
 garbage-first heap   total 129024K, used 11264K [0x0000000082400000, 0x0000000100000000)
  region size 1024K, 13 young (13312K), 0 survivors (0K)
 Metaspace       used 3291K, committed 3392K, reserved 1114112K
  class space    used 326K, committed 384K, reserved 1048576K

Heap Regions: E=young(eden), S=young(survivor), O=old, HS=humongous(starts), HC=humongous(continues), CS=collection set, F=free, OA=open archive, CA=closed archive, TAMS=top-at-mark-start (previous, next)
|   0|0x0000000082400000, 0x0000000082400000, 0x0000000082500000|  0%| F|  |TAMS 0x0000000082400000, 0x0000000082400000| Untracked 
|   1|0x0000000082500000, 0x0000000082500000, 0x0000000082600000|  0%| F|  |TAMS 0x0000000082500000, 0x0000000082500000| Untracked 
|   2|0x0000000082600000, 0x0000000082600000, 0x0000000082700000|  0%| F|  |TAMS 0x0000000082600000, 0x0000000082600000| Untracked 
|   3|0x0000000082700000, 0x0000000082700000, 0x0000000082800000|  0%| F|  |TAMS 0x0000000082700000, 0x0000000082700000| Untracked 
|   4|0x0000000082800000, 0x0000000082800000, 0x0000000082900000|  0%| F|  |TAMS 0x0000000082800000, 0x0000000082800000| Untracked 
|   5|0x0000000082900000, 0x0000000082900000, 0x0000000082a00000|  0%| F|  |TAMS 0x0000000082900000, 0x0000000082900000| Untracked 
|   6|0x0000000082a00000, 0x0000000082a00000, 0x0000000082b00000|  0%| F|  |TAMS 0x0000000082a00000, 0x0000000082a00000| Untracked 
|   7|0x0000000082b00000, 0x0000000082b00000, 0x0000000082c00000|  0%| F|  |TAMS 0x0000000082b00000, 0x0000000082b00000| Untracked 
|   8|0x0000000082c00000, 0x0000000082c00000, 0x0000000082d00000|  0%| F|  |TAMS 0x0000000082c00000, 0x0000000082c00000| Untracked 
|   9|0x0000000082d00000, 0x0000000082d00000, 0x0000000082e00000|  0%| F|  |TAMS 0x0000000082d00000, 0x0000000082d00000| Untracked 
|  10|0x0000000082e00000, 0x0000000082e00000, 0x0000000082f00000|  0%| F|  |TAMS 0x0000000082e00000, 0x0000000082e00000| Untracked 
|  11|0x0000000082f00000, 0x0000000082f00000, 0x0000000083000000|  0%| F|  |TAMS 0x0000000082f00000, 0x0000000082f00000| Untracked 
|  12|0x0000000083000000, 0x0000000083000000, 0x0000000083100000|  0%| F|  |TAMS 0x0000000083000000, 0x0000000083000000| Untracked 
|  13|0x0000000083100000, 0x0000000083100000, 0x0000000083200000|  0%| F|  |TAMS 0x0000000083100000, 0x0000000083100000| Untracked 
|  14|0x0000000083200000, 0x0000000083200000, 0x0000000083300000|  0%| F|  |TAMS 0x0000000083200000, 0x0000000083200000| Untracked 
|  15|0x0000000083300000, 0x0000000083300000, 0x0000000083400000|  0%| F|  |TAMS 0x0000000083300000, 0x0000000083300000| Untracked 
|  16|0x0000000083400000, 0x0000000083400000, 0x0000000083500000|  0%| F|  |TAMS 0x0000000083400000, 0x0000000083400000| Untracked 
|  17|0x0000000083500000, 0x0000000083500000, 0x0000000083600000|  0%| F|  |TAMS 0x0000000083500000, 0x0000000083500000| Untracked 
|  18|0x0000000083600000, 0x0000000083600000, 0x0000000083700000|  0%| F|  |TAMS 0x0000000083600000, 0x0000000083600000| Untracked 
|  19|0x0000000083700000, 0x0000000083700000, 0x0000000083800000|  0%| F|  |TAMS 0x0000000083700000, 0x0000000083700000| Untracked 
|  20|0x0000000083800000, 0x0000000083800000, 0x0000000083900000|  0%| F|  |TAMS 0x0000000083800000, 0x0000000083800000| Untracked 
|  21|0x0000000083900000, 0x0000000083900000, 0x0000000083a00000|  0%| F|  |TAMS 0x0000000083900000, 0x0000000083900000| Untracked 
|  22|0x0000000083a00000, 0x0000000083a00000, 0x0000000083b00000|  0%| F|  |TAMS 0x0000000083a00000, 0x0000000083a00000| Untracked 
|  23|0x0000000083b00000, 0x0000000083b00000, 0x0000000083c00000|  0%| F|  |TAMS 0x0000000083b00000, 0x0000000083b00000| Untracked 
|  24|0x0000000083c00000, 0x0000000083c00000, 0x0000000083d00000|  0%| F|  |TAMS 0x0000000083c00000, 0x0000000083c00000| Untracked 
|  25|0x0000000083d00000, 0x0000000083d00000, 0x0000000083e00000|  0%| F|  |TAMS 0x0000000083d00000, 0x0000000083d00000| Untracked 
|  26|0x0000000083e00000, 0x0000000083e00000, 0x0000000083f00000|  0%| F|  |TAMS 0x0000000083e00000, 0x0000000083e00000| Untracked 
|  27|0x0000000083f00000, 0x0000000083f00000, 0x0000000084000000|  0%| F|  |TAMS 0x0000000083f00000, 0x0000000083f00000| Untracked 
|  28|0x0000000084000000, 0x0000000084000000, 0x0000000084100000|  0%| F|  |TAMS 0x0000000084000000, 0x0000000084000000| Untracked 
|  29|0x0000000084100000, 0x0000000084100000, 0x0000000084200000|  0%| F|  |TAMS 0x0000000084100000, 0x0000000084100000| Untracked 
|  30|0x0000000084200000, 0x0000000084200000, 0x0000000084300000|  0%| F|  |TAMS 0x0000000084200000, 0x0000000084200000| Untracked 
|  31|0x0000000084300000, 0x0000000084300000, 0x0000000084400000|  0%| F|  |TAMS 0x0000000084300000, 0x0000000084300000| Untracked 
|  32|0x0000000084400000, 0x0000000084400000, 0x0000000084500000|  0%| F|  |TAMS 0x0000000084400000, 0x0000000084400000| Untracked 
|  33|0x0000000084500000, 0x0000000084500000, 0x0000000084600000|  0%| F|  |TAMS 0x0000000084500000, 0x0000000084500000| Untracked 
|  34|0x0000000084600000, 0x0000000084600000, 0x0000000084700000|  0%| F|  |TAMS 0x0000000084600000, 0x0000000084600000| Untracked 
|  35|0x0000000084700000, 0x0000000084700000, 0x0000000084800000|  0%| F|  |TAMS 0x0000000084700000, 0x0000000084700000| Untracked 
|  36|0x0000000084800000, 0x0000000084800000, 0x0000000084900000|  0%| F|  |TAMS 0x0000000084800000, 0x0000000084800000| Untracked 
|  37|0x0000000084900000, 0x0000000084900000, 0x0000000084a00000|  0%| F|  |TAMS 0x0000000084900000, 0x0000000084900000| Untracked 
|  38|0x0000000084a00000, 0x0000000084a00000, 0x0000000084b00000|  0%| F|  |TAMS 0x0000000084a00000, 0x0000000084a00000| Untracked 
|  39|0x0000000084b00000, 0x0000000084b00000, 0x0000000084c00000|  0%| F|  |TAMS 0x0000000084b00000, 0x0000000084b00000| Untracked 
|  40|0x0000000084c00000, 0x0000000084c00000, 0x0000000084d00000|  0%| F|  |TAMS 0x0000000084c00000, 0x0000000084c00000| Untracked 
|  41|0x0000000084d00000, 0x0000000084d00000, 0x0000000084e00000|  0%| F|  |TAMS 0x0000000084d00000, 0x0000000084d00000| Untracked 
|  42|0x0000000084e00000, 0x0000000084e00000, 0x0000000084f00000|  0%| F|  |TAMS 0x0000000084e00000, 0x0000000084e00000| Untracked 
|  43|0x0000000084f00000, 0x0000000084f00000, 0x0000000085000000|  0%| F|  |TAMS 0x0000000084f00000, 0x0000000084f00000| Untracked 
|  44|0x0000000085000000, 0x0000000085000000, 0x0000000085100000|  0%| F|  |TAMS 0x0000000085000000, 0x0000000085000000| Untracked 
|  45|0x0000000085100000, 0x0000000085100000, 0x0000000085200000|  0%| F|  |TAMS 0x0000000085100000, 0x0000000085100000| Untracked 
|  46|0x0000000085200000, 0x0000000085200000, 0x0000000085300000|  0%| F|  |TAMS 0x0000000085200000, 0x0000000085200000| Untracked 
|  47|0x0000000085300000, 0x0000000085300000, 0x0000000085400000|  0%| F|  |TAMS 0x0000000085300000, 0x0000000085300000| Untracked 
|  48|0x0000000085400000, 0x0000000085400000, 0x0000000085500000|  0%| F|  |TAMS 0x0000000085400000, 0x0000000085400000| Untracked 
|  49|0x0000000085500000, 0x0000000085500000, 0x0000000085600000|  0%| F|  |TAMS 0x0000000085500000, 0x0000000085500000| Untracked 
|  50|0x0000000085600000, 0x0000000085600000, 0x0000000085700000|  0%| F|  |TAMS 0x0000000085600000, 0x0000000085600000| Untracked 
|  51|0x0000000085700000, 0x0000000085700000, 0x0000000085800000|  0%| F|  |TAMS 0x0000000085700000, 0x0000000085700000| Untracked 
|  52|0x0000000085800000, 0x0000000085800000, 0x0000000085900000|  0%| F|  |TAMS 0x0000000085800000, 0x0000000085800000| Untracked 
|  53|0x0000000085900000, 0x0000000085900000, 0x0000000085a00000|  0%| F|  |TAMS 0x0000000085900000, 0x0000000085900000| Untracked 
|  54|0x0000000085a00000, 0x0000000085a00000, 0x0000000085b00000|  0%| F|  |TAMS 0x0000000085a00000, 0x0000000085a00000| Untracked 
|  55|0x0000000085b00000, 0x0000000085b00000, 0x0000000085c00000|  0%| F|  |TAMS 0x0000000085b00000, 0x0000000085b00000| Untracked 
|  56|0x0000000085c00000, 0x0000000085c00000, 0x0000000085d00000|  0%| F|  |TAMS 0x0000000085c00000, 0x0000000085c00000| Untracked 
|  57|0x0000000085d00000, 0x0000000085d00000, 0x0000000085e00000|  0%| F|  |TAMS 0x0000000085d00000, 0x0000000085d00000| Untracked 
|  58|0x0000000085e00000, 0x0000000085e00000, 0x0000000085f00000|  0%| F|  |TAMS 0x0000000085e00000, 0x0000000085e00000| Untracked 
|  59|0x0000000085f00000, 0x0000000085f00000, 0x0000000086000000|  0%| F|  |TAMS 0x0000000085f00000, 0x0000000085f00000| Untracked 
|  60|0x0000000086000000, 0x0000000086000000, 0x0000000086100000|  0%| F|  |TAMS 0x0000000086000000, 0x0000000086000000| Untracked 
|  61|0x0000000086100000, 0x0000000086100000, 0x0000000086200000|  0%| F|  |TAMS 0x0000000086100000, 0x0000000086100000| Untracked 
|  62|0x0000000086200000, 0x0000000086200000, 0x0000000086300000|  0%| F|  |TAMS 0x0000000086200000, 0x0000000086200000| Untracked 
|  63|0x0000000086300000, 0x0000000086300000, 0x0000000086400000|  0%| F|  |TAMS 0x0000000086300000, 0x0000000086300000| Untracked 
|  64|0x0000000086400000, 0x0000000086400000, 0x0000000086500000|  0%| F|  |TAMS 0x0000000086400000, 0x0000000086400000| Untracked 
|  65|0x0000000086500000, 0x0000000086500000, 0x0000000086600000|  0%| F|  |TAMS 0x0000000086500000, 0x0000000086500000| Untracked 
|  66|0x0000000086600000, 0x0000000086600000, 0x0000000086700000|  0%| F|  |TAMS 0x0000000086600000, 0x0000000086600000| Untracked 
|  67|0x0000000086700000, 0x0000000086700000, 0x0000000086800000|  0%| F|  |TAMS 0x0000000086700000, 0x0000000086700000| Untracked 
|  68|0x0000000086800000, 0x0000000086800000, 0x0000000086900000|  0%| F|  |TAMS 0x0000000086800000, 0x0000000086800000| Untracked 
|  69|0x0000000086900000, 0x0000000086900000, 0x0000000086a00000|  0%| F|  |TAMS 0x0000000086900000, 0x0000000086900000| Untracked 
|  70|0x0000000086a00000, 0x0000000086a00000, 0x0000000086b00000|  0%| F|  |TAMS 0x0000000086a00000, 0x0000000086a00000| Untracked 
|  71|0x0000000086b00000, 0x0000000086b00000, 0x0000000086c00000|  0%| F|  |TAMS 0x0000000086b00000, 0x0000000086b00000| Untracked 
|  72|0x0000000086c00000, 0x0000000086c00000, 0x0000000086d00000|  0%| F|  |TAMS 0x0000000086c00000, 0x0000000086c00000| Untracked 
|  73|0x0000000086d00000, 0x0000000086d00000, 0x0000000086e00000|  0%| F|  |TAMS 0x0000000086d00000, 0x0000000086d00000| Untracked 
|  74|0x0000000086e00000, 0x0000000086e00000, 0x0000000086f00000|  0%| F|  |TAMS 0x0000000086e00000, 0x0000000086e00000| Untracked 
|  75|0x0000000086f00000, 0x0000000086f00000, 0x0000000087000000|  0%| F|  |TAMS 0x0000000086f00000, 0x0000000086f00000| Untracked 
|  76|0x0000000087000000, 0x0000000087000000, 0x0000000087100000|  0%| F|  |TAMS 0x0000000087000000, 0x0000000087000000| Untracked 
|  77|0x0000000087100000, 0x0000000087100000, 0x0000000087200000|  0%| F|  |TAMS 0x0000000087100000, 0x0000000087100000| Untracked 
|  78|0x0000000087200000, 0x0000000087200000, 0x0000000087300000|  0%| F|  |TAMS 0x0000000087200000, 0x0000000087200000| Untracked 
|  79|0x0000000087300000, 0x0000000087300000, 0x0000000087400000|  0%| F|  |TAMS 0x0000000087300000, 0x0000000087300000| Untracked 
|  80|0x0000000087400000, 0x0000000087400000, 0x0000000087500000|  0%| F|  |TAMS 0x0000000087400000, 0x0000000087400000| Untracked 
|  81|0x0000000087500000, 0x0000000087500000, 0x0000000087600000|  0%| F|  |TAMS 0x0000000087500000, 0x0000000087500000| Untracked 
|  82|0x0000000087600000, 0x0000000087600000, 0x0000000087700000|  0%| F|  |TAMS 0x0000000087600000, 0x0000000087600000| Untracked 
|  83|0x0000000087700000, 0x0000000087700000, 0x0000000087800000|  0%| F|  |TAMS 0x0000000087700000, 0x0000000087700000| Untracked 
|  84|0x0000000087800000, 0x0000000087800000, 0x0000000087900000|  0%| F|  |TAMS 0x0000000087800000, 0x0000000087800000| Untracked 
|  85|0x0000000087900000, 0x0000000087900000, 0x0000000087a00000|  0%| F|  |TAMS 0x0000000087900000, 0x0000000087900000| Untracked 
|  86|0x0000000087a00000, 0x0000000087a00000, 0x0000000087b00000|  0%| F|  |TAMS 0x0000000087a00000, 0x0000000087a00000| Untracked 
|  87|0x0000000087b00000, 0x0000000087b00000, 0x0000000087c00000|  0%| F|  |TAMS 0x0000000087b00000, 0x0000000087b00000| Untracked 
|  88|0x0000000087c00000, 0x0000000087c00000, 0x0000000087d00000|  0%| F|  |TAMS 0x0000000087c00000, 0x0000000087c00000| Untracked 
|  89|0x0000000087d00000, 0x0000000087d00000, 0x0000000087e00000|  0%| F|  |TAMS 0x0000000087d00000, 0x0000000087d00000| Untracked 
|  90|0x0000000087e00000, 0x0000000087e00000, 0x0000000087f00000|  0%| F|  |TAMS 0x0000000087e00000, 0x0000000087e00000| Untracked 
|  91|0x0000000087f00000, 0x0000000087f00000, 0x0000000088000000|  0%| F|  |TAMS 0x0000000087f00000, 0x0000000087f00000| Untracked 
|  92|0x0000000088000000, 0x0000000088000000, 0x0000000088100000|  0%| F|  |TAMS 0x0000000088000000, 0x0000000088000000| Untracked 
|  93|0x0000000088100000, 0x0000000088100000, 0x0000000088200000|  0%| F|  |TAMS 0x0000000088100000, 0x0000000088100000| Untracked 
|  94|0x0000000088200000, 0x0000000088200000, 0x0000000088300000|  0%| F|  |TAMS 0x0000000088200000, 0x0000000088200000| Untracked 
|  95|0x0000000088300000, 0x0000000088300000, 0x0000000088400000|  0%| F|  |TAMS 0x0000000088300000, 0x0000000088300000| Untracked 
|  96|0x0000000088400000, 0x0000000088400000, 0x0000000088500000|  0%| F|  |TAMS 0x0000000088400000, 0x0000000088400000| Untracked 
|  97|0x0000000088500000, 0x0000000088500000, 0x0000000088600000|  0%| F|  |TAMS 0x0000000088500000, 0x0000000088500000| Untracked 
|  98|0x0000000088600000, 0x0000000088600000, 0x0000000088700000|  0%| F|  |TAMS 0x0000000088600000, 0x0000000088600000| Untracked 
|  99|0x0000000088700000, 0x0000000088700000, 0x0000000088800000|  0%| F|  |TAMS 0x0000000088700000, 0x0000000088700000| Untracked 
| 100|0x0000000088800000, 0x0000000088800000, 0x0000000088900000|  0%| F|  |TAMS 0x0000000088800000, 0x0000000088800000| Untracked 
| 101|0x0000000088900000, 0x0000000088900000, 0x0000000088a00000|  0%| F|  |TAMS 0x0000000088900000, 0x0000000088900000| Untracked 
| 102|0x0000000088a00000, 0x0000000088a00000, 0x0000000088b00000|  0%| F|  |TAMS 0x0000000088a00000, 0x0000000088a00000| Untracked 
| 103|0x0000000088b00000, 0x0000000088b00000, 0x0000000088c00000|  0%| F|  |TAMS 0x0000000088b00000, 0x0000000088b00000| Untracked 
| 104|0x0000000088c00000, 0x0000000088c00000, 0x0000000088d00000|  0%| F|  |TAMS 0x0000000088c00000, 0x0000000088c00000| Untracked 
| 105|0x0000000088d00000, 0x0000000088d00000, 0x0000000088e00000|  0%| F|  |TAMS 0x0000000088d00000, 0x0000000088d00000| Untracked 
| 106|0x0000000088e00000, 0x0000000088e00000, 0x0000000088f00000|  0%| F|  |TAMS 0x0000000088e00000, 0x0000000088e00000| Untracked 
| 107|0x0000000088f00000, 0x0000000088f00000, 0x0000000089000000|  0%| F|  |TAMS 0x0000000088f00000, 0x0000000088f00000| Untracked 
| 108|0x0000000089000000, 0x0000000089000000, 0x0000000089100000|  0%| F|  |TAMS 0x0000000089000000, 0x0000000089000000| Untracked 
| 109|0x0000000089100000, 0x0000000089100000, 0x0000000089200000|  0%| F|  |TAMS 0x0000000089100000, 0x0000000089100000| Untracked 
| 110|0x0000000089200000, 0x0000000089200000, 0x0000000089300000|  0%| F|  |TAMS 0x0000000089200000, 0x0000000089200000| Untracked 
| 111|0x0000000089300000, 0x0000000089300000, 0x0000000089400000|  0%| F|  |TAMS 0x0000000089300000, 0x0000000089300000| Untracked 
| 112|0x0000000089400000, 0x0000000089400000, 0x0000000089500000|  0%| F|  |TAMS 0x0000000089400000, 0x0000000089400000| Untracked 
| 113|0x0000000089500000, 0x00000000895764c0, 0x0000000089600000| 46%| E|  |TAMS 0x0000000089500000, 0x0000000089500000| Complete 
| 114|0x0000000089600000, 0x0000000089700000, 0x0000000089700000|100%| E|CS|TAMS 0x0000000089600000, 0x0000000089600000| Complete 
| 115|0x0000000089700000, 0x0000000089800000, 0x0000000089800000|100%| E|CS|TAMS 0x0000000089700000, 0x0000000089700000| Complete 
| 116|0x0000000089800000, 0x0000000089900000, 0x0000000089900000|100%| E|CS|TAMS 0x0000000089800000, 0x0000000089800000| Complete 
| 117|0x0000000089900000, 0x0000000089a00000, 0x0000000089a00000|100%| E|CS|TAMS 0x0000000089900000, 0x0000000089900000| Complete 
| 118|0x0000000089a00000, 0x0000000089b00000, 0x0000000089b00000|100%| E|CS|TAMS 0x0000000089a00000, 0x0000000089a00000| Complete 
| 119|0x0000000089b00000, 0x0000000089c00000, 0x0000000089c00000|100%| E|CS|TAMS 0x0000000089b00000, 0x0000000089b00000| Complete 
| 120|0x0000000089c00000, 0x0000000089d00000, 0x0000000089d00000|100%| E|CS|TAMS 0x0000000089c00000, 0x0000000089c00000| Complete 
| 121|0x0000000089d00000, 0x0000000089e00000, 0x0000000089e00000|100%| E|  |TAMS 0x0000000089d00000, 0x0000000089d00000| Complete 
| 122|0x0000000089e00000, 0x0000000089f00000, 0x0000000089f00000|100%| E|CS|TAMS 0x0000000089e00000, 0x0000000089e00000| Complete 
| 123|0x0000000089f00000, 0x000000008a000000, 0x000000008a000000|100%| E|CS|TAMS 0x0000000089f00000, 0x0000000089f00000| Complete 
| 124|0x000000008a000000, 0x000000008a100000, 0x000000008a100000|100%| E|CS|TAMS 0x000000008a000000, 0x000000008a000000| Complete 
| 125|0x000000008a100000, 0x000000008a200000, 0x000000008a200000|100%| E|CS|TAMS 0x000000008a100000, 0x000000008a100000| Complete 

Card table byte_map: [0x00000295c9e80000,0x00000295ca270000] _byte_map_base: 0x00000295c9a6e000

Marking Bits (Prev, Next): (CMBitMap*) 0x00000295b0735030, (CMBitMap*) 0x00000295b0735070
 Prev Bits: [0x00000295ca660000, 0x00000295cc5d0000)
 Next Bits: [0x00000295cc5d0000, 0x00000295ce540000)

Polling page: 0x00000295b0510000

Metaspace:

Usage:
  Non-class:      2.89 MB used.
      Class:    326.85 KB used.
       Both:      3.21 MB used.

Virtual space:
  Non-class space:       64.00 MB reserved,       2.94 MB (  5%) committed,  1 nodes.
      Class space:        1.00 GB reserved,     384.00 KB ( <1%) committed,  1 nodes.
             Both:        1.06 GB reserved,       3.31 MB ( <1%) committed. 

Chunk freelists:
   Non-Class:  2.23 MB
       Class:  3.50 MB
        Both:  5.73 MB

MaxMetaspaceSize: unlimited
CompressedClassSpaceSize: 1.00 GB
Initial GC threshold: 21.00 MB
Current GC threshold: 21.00 MB
CDS: on
MetaspaceReclaimPolicy: balanced
 - commit_granule_bytes: 65536.
 - commit_granule_words: 8192.
 - virtual_space_node_default_size: 8388608.
 - enlarge_chunks_in_place: 1.
 - new_chunks_are_fully_committed: 0.
 - uncommit_free_chunks: 1.
 - use_allocation_guard: 0.


Internal statistics:

num_allocs_failed_limit: 0.
num_arena_births: 28.
num_arena_deaths: 0.
num_vsnodes_births: 2.
num_vsnodes_deaths: 0.
num_space_committed: 53.
num_space_uncommitted: 0.
num_chunks_returned_to_freelist: 0.
num_chunks_taken_from_freelist: 115.
num_chunk_merges: 0.
num_chunk_splits: 84.
num_chunks_enlarged: 71.
num_inconsistent_stats: 0.

CodeHeap 'non-profiled nmethods': size=120000Kb used=215Kb max_used=215Kb free=119785Kb
 bounds [0x00000295c18d0000, 0x00000295c1b40000, 0x00000295c8e00000]
CodeHeap 'profiled nmethods': size=120000Kb used=1299Kb max_used=1299Kb free=118700Kb
 bounds [0x00000295b9e00000, 0x00000295ba070000, 0x00000295c1330000]
CodeHeap 'non-nmethods': size=5760Kb used=1233Kb max_used=1254Kb free=4526Kb
 bounds [0x00000295c1330000, 0x00000295c15a0000, 0x00000295c18d0000]
 total_blobs=1178 nmethods=739 adapters=350
 compilation: enabled
              stopped_count=0, restarted_count=0
 full_count=0

Compilation events (20 events):
Event: 0.215 Thread 0x00000295d0ae3980 nmethod 737 0x00000295b9f3fe10 code [0x00000295b9f3ffe0, 0x00000295b9f40298]
Event: 0.215 Thread 0x00000295d0ae3980  733       3       java.util.zip.ZipFile$InflaterCleanupAction::<init> (15 bytes)
Event: 0.215 Thread 0x00000295d0ae3980 nmethod 733 0x00000295b9f40390 code [0x00000295b9f40540, 0x00000295b9f40758]
Event: 0.215 Thread 0x00000295d0ae3980  734       3       java.util.zip.ZipFile$ZipFileInflaterInputStream::fill (80 bytes)
Event: 0.216 Thread 0x00000295d0ae3980 nmethod 734 0x00000295b9f40810 code [0x00000295b9f40a00, 0x00000295b9f40de8]
Event: 0.216 Thread 0x00000295d0ae3980  738       3       java.lang.String::newStringUTF8NoRepl (289 bytes)
Event: 0.216 Thread 0x00000295d0ae3980 nmethod 738 0x00000295b9f40f90 code [0x00000295b9f41260, 0x00000295b9f42398]
Event: 0.216 Thread 0x00000295d0ae3980  735   !   3       java.util.zip.ZipFile$ZipFileInputStream::read (135 bytes)
Event: 0.216 Thread 0x00000295d0ae3980 nmethod 735 0x00000295b9f42910 code [0x00000295b9f42b20, 0x00000295b9f431b8]
Event: 0.216 Thread 0x00000295d0ae3980  736       3       java.util.zip.ZipFile::ensureOpenOrZipException (19 bytes)
Event: 0.216 Thread 0x00000295d0ae3980 nmethod 736 0x00000295b9f43510 code [0x00000295b9f436c0, 0x00000295b9f43888]
Event: 0.216 Thread 0x00000295d0ae3980  741   !   3       java.util.zip.ZipFile$CleanableResource::getInflater (47 bytes)
Event: 0.217 Thread 0x00000295d0ae3980 nmethod 741 0x00000295b9f43990 code [0x00000295b9f43b60, 0x00000295b9f44058]
Event: 0.217 Thread 0x00000295d0ae3980  742       3       java.util.zip.ZipFile$ZipFileInflaterInputStream::<init> (41 bytes)
Event: 0.217 Thread 0x00000295d0ae3980 nmethod 742 0x00000295b9f44210 code [0x00000295b9f44400, 0x00000295b9f448b8]
Event: 0.217 Thread 0x00000295d0ae3980  743       3       sun.net.www.protocol.file.Handler::parseURL (18 bytes)
Event: 0.217 Thread 0x00000295d0ae3980 nmethod 743 0x00000295b9f44a90 code [0x00000295b9f44c40, 0x00000295b9f44df8]
Event: 0.217 Thread 0x00000295d0ae3980  744       3       java.net.URLStreamHandler::parseURL (1124 bytes)
Event: 0.222 Thread 0x00000295d0add680 nmethod 721 0x00000295c1903e10 code [0x00000295c1904020, 0x00000295c1905100]
Event: 0.222 Thread 0x00000295d0add680  730 %     4       java.lang.StringLatin1::inflate @ 3 (34 bytes)

GC Heap History (0 events):
No events

Dll operation events (8 events):
Event: 0.004 Loaded shared library C:\Program Files\Java\jdk-19\bin\java.dll
Event: 0.011 Loaded shared library C:\Program Files\Java\jdk-19\bin\jsvml.dll
Event: 0.032 Loaded shared library C:\Program Files\Java\jdk-19\bin\net.dll
Event: 0.033 Loaded shared library C:\Program Files\Java\jdk-19\bin\nio.dll
Event: 0.035 Loaded shared library C:\Program Files\Java\jdk-19\bin\zip.dll
Event: 0.089 Loaded shared library C:\Program Files\Java\jdk-19\bin\jimage.dll
Event: 0.093 Loaded shared library C:\Program Files\NetBeans-14\netbeans\java\maven\lib\jansi-native\Windows\x86_64\jansi.dll
Event: 0.100 Loaded shared library C:\Program Files\Java\jdk-19\bin\verify.dll

Deoptimization events (20 events):
Event: 0.170 Thread 0x00000295b06d52c0 Uncommon trap: trap_request=0xffffff45 fr.pc=0x00000295c18d8dfc relative=0x00000000000003bc
Event: 0.170 Thread 0x00000295b06d52c0 Uncommon trap: reason=unstable_if action=reinterpret pc=0x00000295c18d8dfc method=java.lang.AbstractStringBuilder.isLatin1()Z @ 10 c2
Event: 0.170 Thread 0x00000295b06d52c0 DEOPT PACKING pc=0x00000295c18d8dfc sp=0x000000f4aa8fe580
Event: 0.170 Thread 0x00000295b06d52c0 DEOPT UNPACKING pc=0x00000295c1396da3 sp=0x000000f4aa8fe500 mode 2
Event: 0.170 Thread 0x00000295b06d52c0 Uncommon trap: trap_request=0xffffff45 fr.pc=0x00000295c18ee9fc relative=0x000000000000005c
Event: 0.170 Thread 0x00000295b06d52c0 Uncommon trap: reason=unstable_if action=reinterpret pc=0x00000295c18ee9fc method=java.lang.AbstractStringBuilder.isLatin1()Z @ 10 c2
Event: 0.170 Thread 0x00000295b06d52c0 DEOPT PACKING pc=0x00000295c18ee9fc sp=0x000000f4aa8fe560
Event: 0.170 Thread 0x00000295b06d52c0 DEOPT UNPACKING pc=0x00000295c1396da3 sp=0x000000f4aa8fe4f0 mode 2
Event: 0.173 Thread 0x00000295b06d52c0 Uncommon trap: trap_request=0xffffff45 fr.pc=0x00000295c18d5cb8 relative=0x0000000000000038
Event: 0.173 Thread 0x00000295b06d52c0 Uncommon trap: reason=unstable_if action=reinterpret pc=0x00000295c18d5cb8 method=java.lang.StringLatin1.canEncode(I)Z @ 4 c2
Event: 0.173 Thread 0x00000295b06d52c0 DEOPT PACKING pc=0x00000295c18d5cb8 sp=0x000000f4aa8fe510
Event: 0.173 Thread 0x00000295b06d52c0 DEOPT UNPACKING pc=0x00000295c1396da3 sp=0x000000f4aa8fe4a0 mode 2
Event: 0.188 Thread 0x00000295b06d52c0 DEOPT PACKING pc=0x00000295b9e60665 sp=0x000000f4aa8f9ba0
Event: 0.188 Thread 0x00000295b06d52c0 DEOPT UNPACKING pc=0x00000295c1397543 sp=0x000000f4aa8f8ff0 mode 0
Event: 0.194 Thread 0x00000295b06d52c0 Uncommon trap: trap_request=0xffffff45 fr.pc=0x00000295c18f4f7c relative=0x000000000000015c
Event: 0.194 Thread 0x00000295b06d52c0 Uncommon trap: reason=unstable_if action=reinterpret pc=0x00000295c18f4f7c method=java.util.concurrent.locks.ReentrantLock$NonfairSync.initialTryLock()Z @ 10 c2
Event: 0.194 Thread 0x00000295b06d52c0 DEOPT PACKING pc=0x00000295c18f4f7c sp=0x000000f4aa8fe120
Event: 0.194 Thread 0x00000295b06d52c0 DEOPT UNPACKING pc=0x00000295c1396da3 sp=0x000000f4aa8fe0c8 mode 2
Event: 0.215 Thread 0x00000295b06d52c0 DEOPT PACKING pc=0x00000295b9ebe53f sp=0x000000f4aa8fa320
Event: 0.215 Thread 0x00000295b06d52c0 DEOPT UNPACKING pc=0x00000295c1397543 sp=0x000000f4aa8f97a8 mode 0

Classes loaded (20 events):
Event: 0.151 Loading class sun/util/calendar/ZoneInfoFile$Checksum
Event: 0.151 Loading class sun/util/calendar/ZoneInfoFile$Checksum done
Event: 0.152 Loading class jdk/internal/module/ModulePatcher$PatchedModuleReader
Event: 0.152 Loading class jdk/internal/module/ModulePatcher$PatchedModuleReader done
Event: 0.152 Loading class sun/net/www/protocol/jrt/Handler
Event: 0.152 Loading class sun/net/www/protocol/jrt/Handler done
Event: 0.169 Loading class sun/text/resources/cldr/FormatData_en
Event: 0.169 Loading class sun/text/resources/cldr/FormatData_en done
Event: 0.169 Loading class sun/text/resources/cldr/FormatData_en_US
Event: 0.169 Loading class sun/text/resources/cldr/FormatData_en_US done
Event: 0.187 Loading class java/lang/ArrayIndexOutOfBoundsException
Event: 0.187 Loading class java/lang/ArrayIndexOutOfBoundsException done
Event: 0.189 Loading class java/io/FilterReader
Event: 0.189 Loading class java/io/FilterReader done
Event: 0.204 Loading class java/util/NoSuchElementException
Event: 0.204 Loading class java/util/NoSuchElementException done
Event: 0.226 Loading class java/lang/InterruptedException
Event: 0.226 Loading class java/lang/InterruptedException done
Event: 0.226 Loading class java/util/concurrent/ExecutionException
Event: 0.226 Loading class java/util/concurrent/ExecutionException done

Classes unloaded (0 events):
No events

Classes redefined (0 events):
No events

Internal exceptions (10 events):
Event: 0.080 Thread 0x00000295b06d52c0 Exception <a 'java/lang/NoSuchMethodError'{0x0000000089eab400}: 'java.lang.Object java.lang.invoke.Invokers$Holder.invokeExact_MT(java.lang.Object, java.lang.Object, java.lang.Object, java.lang.Object, java.lang.Object)'> (0x0000000089eab400) 
thrown [s\open\src\hotspot\share\interpreter\linkResolver.cpp, line 774]
Event: 0.087 Thread 0x00000295b06d52c0 Exception <a 'java/lang/NullPointerException'{0x0000000089d02dc8}> (0x0000000089d02dc8) 
thrown [s\open\src\hotspot\share\interpreter\linkResolver.cpp, line 1374]
Event: 0.094 Thread 0x00000295b06d52c0 Exception <a 'java/lang/NullPointerException'{0x0000000089d2af68}> (0x0000000089d2af68) 
thrown [s\open\src\hotspot\share\interpreter\linkResolver.cpp, line 1374]
Event: 0.094 Thread 0x00000295b06d52c0 Exception <a 'java/lang/NullPointerException'{0x0000000089d2b248}> (0x0000000089d2b248) 
thrown [s\open\src\hotspot\share\interpreter\linkResolver.cpp, line 1374]
Event: 0.094 Thread 0x00000295b06d52c0 Exception <a 'java/lang/NullPointerException'{0x0000000089d2b528}> (0x0000000089d2b528) 
thrown [s\open\src\hotspot\share\interpreter\linkResolver.cpp, line 1374]
Event: 0.094 Thread 0x00000295b06d52c0 Exception <a 'java/lang/NullPointerException'{0x0000000089d30330}> (0x0000000089d30330) 
thrown [s\open\src\hotspot\share\interpreter\linkResolver.cpp, line 1374]
Event: 0.095 Thread 0x00000295b06d52c0 Exception <a 'java/lang/NullPointerException'{0x0000000089d42d90}> (0x0000000089d42d90) 
thrown [s\open\src\hotspot\share\interpreter\linkResolver.cpp, line 1374]
Event: 0.095 Thread 0x00000295b06d52c0 Exception <a 'java/lang/NullPointerException'{0x0000000089d43070}> (0x0000000089d43070) 
thrown [s\open\src\hotspot\share\interpreter\linkResolver.cpp, line 1374]
Event: 0.095 Thread 0x00000295b06d52c0 Exception <a 'java/lang/NullPointerException'{0x0000000089d43350}> (0x0000000089d43350) 
thrown [s\open\src\hotspot\share\interpreter\linkResolver.cpp, line 1374]
Event: 0.095 Thread 0x00000295b06d52c0 Exception <a 'java/lang/NullPointerException'{0x0000000089d43630}> (0x0000000089d43630) 
thrown [s\open\src\hotspot\share\interpreter\linkResolver.cpp, line 1374]

VM Operations (8 events):
Event: 0.036 Executing VM operation: HandshakeAllThreads
Event: 0.036 Executing VM operation: HandshakeAllThreads done
Event: 0.086 Executing VM operation: HandshakeAllThreads
Event: 0.086 Executing VM operation: HandshakeAllThreads done
Event: 0.090 Executing VM operation: HandshakeAllThreads
Event: 0.090 Executing VM operation: HandshakeAllThreads done
Event: 0.144 Executing VM operation: HandshakeAllThreads
Event: 0.144 Executing VM operation: HandshakeAllThreads done

Events (12 events):
Event: 0.011 Thread 0x00000295b06d52c0 Thread added: 0x00000295b06d52c0
Event: 0.018 Thread 0x00000295d0ad1330 Thread added: 0x00000295d0ad1330
Event: 0.019 Thread 0x00000295d0ad2fd0 Thread added: 0x00000295d0ad2fd0
Event: 0.019 Thread 0x00000295d0ad6210 Thread added: 0x00000295d0ad6210
Event: 0.019 Thread 0x00000295d0ad8dd0 Thread added: 0x00000295d0ad8dd0
Event: 0.019 Thread 0x00000295d0ad9e00 Thread added: 0x00000295d0ad9e00
Event: 0.019 Thread 0x00000295d0adaa10 Thread added: 0x00000295d0adaa10
Event: 0.019 Thread 0x00000295d0add680 Thread added: 0x00000295d0add680
Event: 0.019 Thread 0x00000295d0ae3980 Thread added: 0x00000295d0ae3980
Event: 0.019 Thread 0x00000295d0ae4430 Thread added: 0x00000295d0ae4430
Event: 0.028 Thread 0x00000295d5519160 Thread added: 0x00000295d5519160
Event: 0.029 Thread 0x00000295d5524140 Thread added: 0x00000295d5524140


Dynamic libraries:
0x00007ff677160000 - 0x00007ff677170000 	C:\Program Files\Java\jdk-19\bin\java.exe
0x00007ffc85d10000 - 0x00007ffc85f08000 	C:\Windows\SYSTEM32\ntdll.dll
0x00007ffc84870000 - 0x00007ffc8492f000 	C:\Windows\System32\KERNEL32.DLL
0x00007ffc834e0000 - 0x00007ffc837b2000 	C:\Windows\System32\KERNELBASE.dll
0x00007ffc837c0000 - 0x00007ffc838c0000 	C:\Windows\System32\ucrtbase.dll
0x00007ffc6cc80000 - 0x00007ffc6cc98000 	C:\Program Files\Java\jdk-19\bin\jli.dll
0x00007ffc84a40000 - 0x00007ffc84aee000 	C:\Windows\System32\ADVAPI32.dll
0x00007ffc84d30000 - 0x00007ffc84dce000 	C:\Windows\System32\msvcrt.dll
0x00007ffc840e0000 - 0x00007ffc8417c000 	C:\Windows\System32\sechost.dll
0x00007ffc84c00000 - 0x00007ffc84d24000 	C:\Windows\System32\RPCRT4.dll
0x00007ffc84e00000 - 0x00007ffc84fa1000 	C:\Windows\System32\USER32.dll
0x00007ffc834b0000 - 0x00007ffc834d2000 	C:\Windows\System32\win32u.dll
0x00007ffc84930000 - 0x00007ffc8495b000 	C:\Windows\System32\GDI32.dll
0x00007ffc838c0000 - 0x00007ffc839cf000 	C:\Windows\System32\gdi32full.dll
0x00007ffc83410000 - 0x00007ffc834ad000 	C:\Windows\System32\msvcp_win.dll
0x00007ffc7c7a0000 - 0x00007ffc7c7bb000 	C:\Program Files\Java\jdk-19\bin\VCRUNTIME140.dll
0x00007ffc6f700000 - 0x00007ffc6f99a000 	C:\Windows\WinSxS\amd64_microsoft.windows.common-controls_6595b64144ccf1df_6.0.19041.1110_none_60b5254171f9507e\COMCTL32.dll
0x00007ffc7cef0000 - 0x00007ffc7cefa000 	C:\Windows\SYSTEM32\VERSION.dll
0x00007ffc84dd0000 - 0x00007ffc84e00000 	C:\Windows\System32\IMM32.DLL
0x00007ffc825a0000 - 0x00007ffc825d3000 	C:\Windows\SYSTEM32\ntmarta.dll
0x00007ffc832d0000 - 0x00007ffc83302000 	C:\Windows\SYSTEM32\SspiCli.dll
0x00007ffc7a1f0000 - 0x00007ffc7a1fc000 	C:\Program Files\Java\jdk-19\bin\vcruntime140_1.dll
0x00007ffc70880000 - 0x00007ffc7090e000 	C:\Program Files\Java\jdk-19\bin\msvcp140.dll
0x00007ffc3ae60000 - 0x00007ffc3bb20000 	C:\Program Files\Java\jdk-19\bin\server\jvm.dll
0x00007ffc7f340000 - 0x00007ffc7f349000 	C:\Windows\SYSTEM32\WSOCK32.dll
0x00007ffc84070000 - 0x00007ffc840db000 	C:\Windows\System32\WS2_32.dll
0x00007ffc74800000 - 0x00007ffc74827000 	C:\Windows\SYSTEM32\WINMM.dll
0x00007ffc812f0000 - 0x00007ffc81302000 	C:\Windows\SYSTEM32\kernel.appcore.dll
0x00007ffc79f40000 - 0x00007ffc79f4a000 	C:\Program Files\Java\jdk-19\bin\jimage.dll
0x00007ffc71230000 - 0x00007ffc71414000 	C:\Windows\SYSTEM32\DBGHELP.DLL
0x00007ffc6c300000 - 0x00007ffc6c335000 	C:\Windows\SYSTEM32\dbgcore.DLL
0x00007ffc83c60000 - 0x00007ffc83ce2000 	C:\Windows\System32\bcryptPrimitives.dll
0x00007ffc79fd0000 - 0x00007ffc79ff6000 	C:\Program Files\Java\jdk-19\bin\java.dll
0x00007ffc62580000 - 0x00007ffc62657000 	C:\Program Files\Java\jdk-19\bin\jsvml.dll
0x00007ffc85380000 - 0x00007ffc85ac5000 	C:\Windows\System32\SHELL32.dll
0x00007ffc814f0000 - 0x00007ffc81c82000 	C:\Windows\SYSTEM32\windows.storage.dll
0x00007ffc84fc0000 - 0x00007ffc85315000 	C:\Windows\System32\combase.dll
0x00007ffc82e70000 - 0x00007ffc82ea0000 	C:\Windows\SYSTEM32\Wldp.dll
0x00007ffc84af0000 - 0x00007ffc84b9d000 	C:\Windows\System32\SHCORE.dll
0x00007ffc849e0000 - 0x00007ffc84a35000 	C:\Windows\System32\shlwapi.dll
0x00007ffc83350000 - 0x00007ffc8336f000 	C:\Windows\SYSTEM32\profapi.dll
0x00007ffc79d90000 - 0x00007ffc79da3000 	C:\Program Files\Java\jdk-19\bin\net.dll
0x00007ffc7d070000 - 0x00007ffc7d17a000 	C:\Windows\SYSTEM32\WINHTTP.dll
0x00007ffc82bd0000 - 0x00007ffc82c3a000 	C:\Windows\system32\mswsock.dll
0x00007ffc747e0000 - 0x00007ffc747f6000 	C:\Program Files\Java\jdk-19\bin\nio.dll
0x00007ffc747c0000 - 0x00007ffc747d8000 	C:\Program Files\Java\jdk-19\bin\zip.dll
0x0000000069ac0000 - 0x0000000069ae4000 	C:\Program Files\NetBeans-14\netbeans\java\maven\lib\jansi-native\Windows\x86_64\jansi.dll
0x00007ffc79d80000 - 0x00007ffc79d90000 	C:\Program Files\Java\jdk-19\bin\verify.dll

dbghelp: loaded successfully - version: 4.0.5 - missing functions: none
symbol engine: initialized successfully - sym options: 0x614 - pdb path: .;C:\Program Files\Java\jdk-19\bin;C:\Windows\SYSTEM32;C:\Windows\WinSxS\amd64_microsoft.windows.common-controls_6595b64144ccf1df_6.0.19041.1110_none_60b5254171f9507e;C:\Program Files\Java\jdk-19\bin\server;C:\Program Files\NetBeans-14\netbeans\java\maven\lib\jansi-native\Windows\x86_64

VM Arguments:
jvm_args: -Dclassworlds.conf=C:\Program Files\NetBeans-14\netbeans\java\maven\bin\m2.conf -Dmaven.home=C:\Program Files\NetBeans-14\netbeans\java\maven -Dlibrary.jansi.path=C:\Program Files\NetBeans-14\netbeans\java\maven\lib\jansi-native -Dmaven.multiModuleProjectDirectory=C:\Users\Pichau\Documents\NetBeansProjects\cadastrarAlunos 
java_command: org.codehaus.plexus.classworlds.launcher.Launcher -Dexec.vmArgs= -Dexec.args=${exec.vmArgs} -classpath %classpath ${exec.mainClass} ${exec.appArgs} -Dexec.executable=C:\Program Files\Java\jdk-19\bin\java.exe -Dexec.mainClass=com.mycompany.cadastraralunos.CadastrarAlunos -Dexec.classpathScope=runtime -Dexec.appArgs= -Dmaven.ext.class.path=C:\Program Files\NetBeans-14\netbeans\java\maven-nblib\netbeans-eventspy.jar org.codehaus.mojo:exec-maven-plugin:3.0.0:exec
java_class_path (initial): C:\Program Files\NetBeans-14\netbeans\java\maven\boot\plexus-classworlds-2.6.0.jar
Launcher Type: SUN_STANDARD

[Global flags]
     intx CICompilerCount                          = 4                                         {product} {ergonomic}
     uint ConcGCThreads                            = 3                                         {product} {ergonomic}
     uint G1ConcRefinementThreads                  = 10                                        {product} {ergonomic}
   size_t G1HeapRegionSize                         = 1048576                                   {product} {ergonomic}
    uintx GCDrainStackTargetSize                   = 64                                        {product} {ergonomic}
   size_t InitialHeapSize                          = 132120576                                 {product} {ergonomic}
   size_t MarkStackSize                            = 4194304                                   {product} {ergonomic}
   size_t MaxHeapSize                              = 2109734912                                {product} {ergonomic}
   size_t MaxNewSize                               = 1265631232                                {product} {ergonomic}
   size_t MinHeapDeltaBytes                        = 1048576                                   {product} {ergonomic}
   size_t MinHeapSize                              = 8388608                                   {product} {ergonomic}
    uintx NonNMethodCodeHeapSize                   = 5839372                                {pd product} {ergonomic}
    uintx NonProfiledCodeHeapSize                  = 122909434                              {pd product} {ergonomic}
    uintx ProfiledCodeHeapSize                     = 122909434                              {pd product} {ergonomic}
    uintx ReservedCodeCacheSize                    = 251658240                              {pd product} {ergonomic}
     bool SegmentedCodeCache                       = true                                      {product} {ergonomic}
   size_t SoftMaxHeapSize                          = 2109734912                             {manageable} {ergonomic}
     bool UseCompressedClassPointers               = true                           {product lp64_product} {ergonomic}
     bool UseCompressedOops                        = true                           {product lp64_product} {ergonomic}
     bool UseG1GC                                  = true                                      {product} {ergonomic}
     bool UseLargePagesIndividualAllocation        = false                                  {pd product} {ergonomic}

Logging:
Log output configuration:
 #0: stdout all=warning uptime,level,tags foldmultilines=false
 #1: stderr all=off uptime,level,tags foldmultilines=false

Environment Variables:
JAVA_HOME=C:\Program Files\Java\jdk-19
PATH=C:\Program Files\Common Files\Oracle\Java\javapath;C:\Windows\system32;C:\Windows;C:\Windows\System32\Wbem;C:\Windows\System32\WindowsPowerShell\v1.0\;C:\Windows\System32\OpenSSH\;C:\Program Files (x86)\NVIDIA Corporation\PhysX\Common;C:\ProgramData\UNIVALI\Portugol Studio;C:\Program Files\NVIDIA Corporation\NVIDIA NvDLISR;C:\Users\Pichau\AppData\Local\Microsoft\WindowsApps;;C:\Users\Pichau\AppData\Local\Programs\Microsoft VS Code\bin
USERNAME=Maria
OS=Windows_NT
PROCESSOR_IDENTIFIER=Intel64 Family 6 Model 165 Stepping 3, GenuineIntel
TMP=C:\Users\Pichau\AppData\Local\Temp
TEMP=C:\Users\Pichau\AppData\Local\Temp



---------------  S Y S T E M  ---------------

OS:
 Windows 10 , 64 bit Build 19041 (10.0.19041.2546)
OS uptime: 1 days 21:02 hours

CPU: total 12 (initial active 12) (6 cores per cpu, 2 threads per core) family 6 model 165 stepping 3 microcode 0xe0, cx8, cmov, fxsr, ht, mmx, 3dnowpref, sse, sse2, sse3, ssse3, sse4.1, sse4.2, popcnt, lzcnt, tsc, tscinvbit, avx, avx2, aes, erms, clmul, bmi1, bmi2, adx, fma, vzeroupper, clflush, clflushopt, rdtscp

Memory: 4k page, system-wide physical 8044M (2217M free)
TotalPageFile size 10092M (AvailPageFile size 3M)
current process WorkingSet (physical memory assigned to process): 57M, peak: 57M
current process commit charge ("private bytes"): 225M, peak: 225M

vm_info: Java HotSpot(TM) 64-Bit Server VM (19.0.2+7-44) for windows-amd64 JRE (19.0.2+7-44), built on 2022-11-30T18:02:09Z by "mach5one" with MS VC++ 17.1 (VS2022)

END.
