#
# There is insufficient memory for the Java Runtime Environment to continue.
# Native memory allocation (mmap) failed to map 2064384 bytes for G1 virtual space
# Possible reasons:
#   The system is out of physical RAM or swap space
#   The process is running with CompressedOops enabled, and the Java Heap may be blocking the growth of the native heap
# Possible solutions:
#   Reduce memory load on the system
#   Increase physical memory or swap space
#   Check if swap backing store is full
#   Decrease Java heap size (-Xmx/-Xms)
#   Decrease number of Java threads
#   Decrease Java thread stack sizes (-Xss)
#   Set larger code cache with -XX:ReservedCodeCacheSize=
#   JVM is running with Unscaled Compressed Oops mode in which the Java heap is
#     placed in the first 4GB address space. The Java Heap base address is the
#     maximum limit for the native heap growth. Please use -XX:HeapBaseMinAddress
#     to set the Java Heap base and to place the Java Heap above 4GB virtual address.
# This output file may be truncated or incomplete.
#
#  Out of Memory Error (os_windows.cpp:3536), pid=5584, tid=6504
#
# JRE version:  (19.0.2+7) (build )
# Java VM: Java HotSpot(TM) 64-Bit Server VM (19.0.2+7-44, mixed mode, sharing, tiered, compressed oops, compressed class ptrs, g1 gc, windows-amd64)
# No core dump will be written. Minidumps are not enabled by default on client versions of Windows
#

---------------  S U M M A R Y ------------

Command Line: -Dclassworlds.conf=C:\Program Files\NetBeans-14\netbeans\java\maven\bin\m2.conf -Dmaven.home=C:\Program Files\NetBeans-14\netbeans\java\maven -Dlibrary.jansi.path=C:\Program Files\NetBeans-14\netbeans\java\maven\lib\jansi-native -Dmaven.multiModuleProjectDirectory=C:\Users\Pichau\Documents\NetBeansProjects\consultorioMedico org.codehaus.plexus.classworlds.launcher.Launcher -Dexec.vmArgs= -Dexec.args=${exec.vmArgs} -classpath %classpath ${exec.mainClass} ${exec.appArgs} -Dexec.executable=C:\Program Files\Java\jdk-19\bin\java.exe -Dexec.mainClass=com.mycompany.consultoriomedico.ConsultorioMedico -Dexec.classpathScope=runtime -Dexec.appArgs= -Dmaven.ext.class.path=C:\Program Files\NetBeans-14\netbeans\java\maven-nblib\netbeans-eventspy.jar org.codehaus.mojo:exec-maven-plugin:3.0.0:exec

Host: Intel(R) Core(TM) i5-10400F CPU @ 2.90GHz, 12 cores, 7G,  Windows 10 , 64 bit Build 19041 (10.0.19041.2546)
Time: Sun Mar 19 22:35:23 2023 Hora oficial do Brasil elapsed time: 0.014793 seconds (0d 0h 0m 0s)

---------------  T H R E A D  ---------------

Current thread (0x000001f190575410):  JavaThread "Unknown thread" [_thread_in_vm, id=6504, stack(0x0000007d47200000,0x0000007d47300000)]

Stack: [0x0000007d47200000,0x0000007d47300000]
Native frames: (J=compiled Java code, j=interpreted, Vv=VM code, C=native code)
V  [jvm.dll+0x6ee21a]
V  [jvm.dll+0x85765e]
V  [jvm.dll+0x85904e]
V  [jvm.dll+0x859703]
V  [jvm.dll+0x28298f]
V  [jvm.dll+0x6eb009]
V  [jvm.dll+0x6dfbaa]
V  [jvm.dll+0x3573f6]
V  [jvm.dll+0x35ee56]
V  [jvm.dll+0x3b5433]
V  [jvm.dll+0x3b564f]
V  [jvm.dll+0x32c9ea]
V  [jvm.dll+0x32d89e]
V  [jvm.dll+0x821780]
V  [jvm.dll+0x3c2661]
V  [jvm.dll+0x801f51]
V  [jvm.dll+0x44ae8f]
V  [jvm.dll+0x44c811]
C  [jli.dll+0x5287]
C  [ucrtbase.dll+0x21bb2]
C  [KERNEL32.DLL+0x17614]
C  [ntdll.dll+0x526a1]


---------------  P R O C E S S  ---------------

Threads class SMR info:
_java_thread_list=0x00007ffc3b9dd048, length=0, elements={
}

Java Threads: ( => current thread )

Other Threads:
  0x000001f1905d4b50 WorkerThread "GC Thread#0" [stack: 0x0000007d47300000,0x0000007d47400000] [id=9976]
  0x000001f1905e5630 ConcurrentGCThread "G1 Main Marker" [stack: 0x0000007d47400000,0x0000007d47500000] [id=4420]
  0x000001f1905e62a0 WorkerThread "G1 Conc#0" [stack: 0x0000007d47500000,0x0000007d47600000] [id=10804]

[error occurred during error reporting (printing all threads), id 0xc0000005, EXCEPTION_ACCESS_VIOLATION (0xc0000005) at pc=0x00007ffc3b19d427]

VM state: not at safepoint (not fully initialized)

VM Mutex/Monitor currently owned by a thread:  ([mutex/lock_event])
[0x000001f1905709a0] Heap_lock - owner thread: 0x000001f190575410

Heap address: 0x0000000082400000, size: 2012 MB, Compressed Oops mode: 32-bit

CDS archive(s) mapped at: [0x0000000000000000-0x0000000000000000-0x0000000000000000), size 0, SharedBaseAddress: 0x0000000800000000, ArchiveRelocationMode: 0.
Narrow klass base: 0x0000000000000000, Narrow klass shift: 0, Narrow klass range: 0x0

GC Precious Log:
 CardTable entry size: 512
 Card Set container configuration: InlinePtr #cards 5 size 8 Array Of Cards #cards 12 size 40 Howl #buckets 4 coarsen threshold 1843 Howl Bitmap #cards 512 size 80 coarsen threshold 460 Card regions per heap region 1 cards per card region 2048

Heap:
 garbage-first heap   total 0K, used 0K [0x0000000082400000, 0x0000000100000000)
  region size 1024K, 0 young (0K), 0 survivors (0K)

[error occurred during error reporting (printing heap information), id 0xc0000005, EXCEPTION_ACCESS_VIOLATION (0xc0000005) at pc=0x00007ffc3b5a6649]

GC Heap History (0 events):
No events

Dll operation events (1 events):
Event: 0.005 Loaded shared library C:\Program Files\Java\jdk-19\bin\java.dll

Deoptimization events (0 events):
No events

Classes loaded (0 events):
No events

Classes unloaded (0 events):
No events

Classes redefined (0 events):
No events

Internal exceptions (0 events):
No events

VM Operations (0 events):
No events

Events (0 events):
No events


Dynamic libraries:
0x00007ff677160000 - 0x00007ff677170000 	C:\Program Files\Java\jdk-19\bin\java.exe
0x00007ffc85d10000 - 0x00007ffc85f08000 	C:\Windows\SYSTEM32\ntdll.dll
0x00007ffc84870000 - 0x00007ffc8492f000 	C:\Windows\System32\KERNEL32.DLL
0x00007ffc834e0000 - 0x00007ffc837b2000 	C:\Windows\System32\KERNELBASE.dll
0x00007ffc837c0000 - 0x00007ffc838c0000 	C:\Windows\System32\ucrtbase.dll
0x00007ffc6cc80000 - 0x00007ffc6cc98000 	C:\Program Files\Java\jdk-19\bin\jli.dll
0x00007ffc84a40000 - 0x00007ffc84aee000 	C:\Windows\System32\ADVAPI32.dll
0x00007ffc84d30000 - 0x00007ffc84dce000 	C:\Windows\System32\msvcrt.dll
0x00007ffc840e0000 - 0x00007ffc8417c000 	C:\Windows\System32\sechost.dll
0x00007ffc84c00000 - 0x00007ffc84d24000 	C:\Windows\System32\RPCRT4.dll
0x00007ffc84e00000 - 0x00007ffc84fa1000 	C:\Windows\System32\USER32.dll
0x00007ffc834b0000 - 0x00007ffc834d2000 	C:\Windows\System32\win32u.dll
0x00007ffc84930000 - 0x00007ffc8495b000 	C:\Windows\System32\GDI32.dll
0x00007ffc838c0000 - 0x00007ffc839cf000 	C:\Windows\System32\gdi32full.dll
0x00007ffc83410000 - 0x00007ffc834ad000 	C:\Windows\System32\msvcp_win.dll
0x00007ffc7c7a0000 - 0x00007ffc7c7bb000 	C:\Program Files\Java\jdk-19\bin\VCRUNTIME140.dll
0x00007ffc6f700000 - 0x00007ffc6f99a000 	C:\Windows\WinSxS\amd64_microsoft.windows.common-controls_6595b64144ccf1df_6.0.19041.1110_none_60b5254171f9507e\COMCTL32.dll
0x00007ffc7cef0000 - 0x00007ffc7cefa000 	C:\Windows\SYSTEM32\VERSION.dll
0x00007ffc84dd0000 - 0x00007ffc84e00000 	C:\Windows\System32\IMM32.DLL
0x00007ffc825a0000 - 0x00007ffc825d3000 	C:\Windows\SYSTEM32\ntmarta.dll
0x00007ffc832d0000 - 0x00007ffc83302000 	C:\Windows\SYSTEM32\SspiCli.dll
0x00007ffc7a1f0000 - 0x00007ffc7a1fc000 	C:\Program Files\Java\jdk-19\bin\vcruntime140_1.dll
0x00007ffc70880000 - 0x00007ffc7090e000 	C:\Program Files\Java\jdk-19\bin\msvcp140.dll
0x00007ffc3ae60000 - 0x00007ffc3bb20000 	C:\Program Files\Java\jdk-19\bin\server\jvm.dll
0x00007ffc7f340000 - 0x00007ffc7f349000 	C:\Windows\SYSTEM32\WSOCK32.dll
0x00007ffc84070000 - 0x00007ffc840db000 	C:\Windows\System32\WS2_32.dll
0x00007ffc74800000 - 0x00007ffc74827000 	C:\Windows\SYSTEM32\WINMM.dll
0x00007ffc812f0000 - 0x00007ffc81302000 	C:\Windows\SYSTEM32\kernel.appcore.dll
0x00007ffc79f40000 - 0x00007ffc79f4a000 	C:\Program Files\Java\jdk-19\bin\jimage.dll
0x00007ffc71230000 - 0x00007ffc71414000 	C:\Windows\SYSTEM32\DBGHELP.DLL
0x00007ffc6c300000 - 0x00007ffc6c335000 	C:\Windows\SYSTEM32\dbgcore.DLL
0x00007ffc83c60000 - 0x00007ffc83ce2000 	C:\Windows\System32\bcryptPrimitives.dll
0x00007ffc79fd0000 - 0x00007ffc79ff6000 	C:\Program Files\Java\jdk-19\bin\java.dll

dbghelp: loaded successfully - version: 4.0.5 - missing functions: none
symbol engine: initialized successfully - sym options: 0x614 - pdb path: .;C:\Program Files\Java\jdk-19\bin;C:\Windows\SYSTEM32;C:\Windows\WinSxS\amd64_microsoft.windows.common-controls_6595b64144ccf1df_6.0.19041.1110_none_60b5254171f9507e;C:\Program Files\Java\jdk-19\bin\server

VM Arguments:
jvm_args: -Dclassworlds.conf=C:\Program Files\NetBeans-14\netbeans\java\maven\bin\m2.conf -Dmaven.home=C:\Program Files\NetBeans-14\netbeans\java\maven -Dlibrary.jansi.path=C:\Program Files\NetBeans-14\netbeans\java\maven\lib\jansi-native -Dmaven.multiModuleProjectDirectory=C:\Users\Pichau\Documents\NetBeansProjects\consultorioMedico 
java_command: org.codehaus.plexus.classworlds.launcher.Launcher -Dexec.vmArgs= -Dexec.args=${exec.vmArgs} -classpath %classpath ${exec.mainClass} ${exec.appArgs} -Dexec.executable=C:\Program Files\Java\jdk-19\bin\java.exe -Dexec.mainClass=com.mycompany.consultoriomedico.ConsultorioMedico -Dexec.classpathScope=runtime -Dexec.appArgs= -Dmaven.ext.class.path=C:\Program Files\NetBeans-14\netbeans\java\maven-nblib\netbeans-eventspy.jar org.codehaus.mojo:exec-maven-plugin:3.0.0:exec
java_class_path (initial): C:\Program Files\NetBeans-14\netbeans\java\maven\boot\plexus-classworlds-2.6.0.jar
Launcher Type: SUN_STANDARD

[Global flags]
     intx CICompilerCount                          = 4                                         {product} {ergonomic}
     uint ConcGCThreads                            = 3                                         {product} {ergonomic}
     uint G1ConcRefinementThreads                  = 10                                        {product} {ergonomic}
   size_t G1HeapRegionSize                         = 1048576                                   {product} {ergonomic}
    uintx GCDrainStackTargetSize                   = 64                                        {product} {ergonomic}
   size_t InitialHeapSize                          = 132120576                                 {product} {ergonomic}
   size_t MarkStackSize                            = 4194304                                   {product} {ergonomic}
   size_t MaxHeapSize                              = 2109734912                                {product} {ergonomic}
   size_t MinHeapDeltaBytes                        = 1048576                                   {product} {ergonomic}
   size_t MinHeapSize                              = 8388608                                   {product} {ergonomic}
    uintx NonNMethodCodeHeapSize                   = 5839372                                {pd product} {ergonomic}
    uintx NonProfiledCodeHeapSize                  = 122909434                              {pd product} {ergonomic}
    uintx ProfiledCodeHeapSize                     = 122909434                              {pd product} {ergonomic}
    uintx ReservedCodeCacheSize                    = 251658240                              {pd product} {ergonomic}
     bool SegmentedCodeCache                       = true                                      {product} {ergonomic}
   size_t SoftMaxHeapSize                          = 2109734912                             {manageable} {ergonomic}
     bool UseCompressedClassPointers               = true                           {product lp64_product} {ergonomic}
     bool UseCompressedOops                        = true                           {product lp64_product} {ergonomic}
     bool UseG1GC                                  = true                                      {product} {ergonomic}
     bool UseLargePagesIndividualAllocation        = false                                  {pd product} {ergonomic}

Logging:
Log output configuration:
 #0: stdout all=warning uptime,level,tags foldmultilines=false
 #1: stderr all=off uptime,level,tags foldmultilines=false

Environment Variables:
JAVA_HOME=C:\Program Files\Java\jdk-19
PATH=C:\Program Files\Common Files\Oracle\Java\javapath;C:\Windows\system32;C:\Windows;C:\Windows\System32\Wbem;C:\Windows\System32\WindowsPowerShell\v1.0\;C:\Windows\System32\OpenSSH\;C:\Program Files (x86)\NVIDIA Corporation\PhysX\Common;C:\ProgramData\UNIVALI\Portugol Studio;C:\Program Files\NVIDIA Corporation\NVIDIA NvDLISR;C:\Users\Pichau\AppData\Local\Microsoft\WindowsApps;;C:\Users\Pichau\AppData\Local\Programs\Microsoft VS Code\bin
USERNAME=Maria
OS=Windows_NT
PROCESSOR_IDENTIFIER=Intel64 Family 6 Model 165 Stepping 3, GenuineIntel
TMP=C:\Users\Pichau\AppData\Local\Temp
TEMP=C:\Users\Pichau\AppData\Local\Temp



---------------  S Y S T E M  ---------------

OS:
 Windows 10 , 64 bit Build 19041 (10.0.19041.2546)
OS uptime: 1 days 22:38 hours

CPU: total 12 (initial active 12) (6 cores per cpu, 2 threads per core) family 6 model 165 stepping 3 microcode 0xe0, cx8, cmov, fxsr, ht, mmx, 3dnowpref, sse, sse2, sse3, ssse3, sse4.1, sse4.2, popcnt, lzcnt, tsc, tscinvbit, avx, avx2, aes, erms, clmul, bmi1, bmi2, adx, fma, vzeroupper, clflush, clflushopt, rdtscp

Memory: 4k page, system-wide physical 8044M (2033M free)
TotalPageFile size 10092M (AvailPageFile size 6M)
current process WorkingSet (physical memory assigned to process): 11M, peak: 11M
current process commit charge ("private bytes"): 190M, peak: 192M

vm_info: Java HotSpot(TM) 64-Bit Server VM (19.0.2+7-44) for windows-amd64 JRE (19.0.2+7-44), built on 2022-11-30T18:02:09Z by "mach5one" with MS VC++ 17.1 (VS2022)

END.
