#
# There is insufficient memory for the Java Runtime Environment to continue.
# Native memory allocation (malloc) failed to allocate 300416 bytes for Chunk::new
# Possible reasons:
#   The system is out of physical RAM or swap space
#   The process is running with CompressedOops enabled, and the Java Heap may be blocking the growth of the native heap
# Possible solutions:
#   Reduce memory load on the system
#   Increase physical memory or swap space
#   Check if swap backing store is full
#   Decrease Java heap size (-Xmx/-Xms)
#   Decrease number of Java threads
#   Decrease Java thread stack sizes (-Xss)
#   Set larger code cache with -XX:ReservedCodeCacheSize=
#   JVM is running with Unscaled Compressed Oops mode in which the Java heap is
#     placed in the first 4GB address space. The Java Heap base address is the
#     maximum limit for the native heap growth. Please use -XX:HeapBaseMinAddress
#     to set the Java Heap base and to place the Java Heap above 4GB virtual address.
# This output file may be truncated or incomplete.
#
#  Out of Memory Error (arena.cpp:184), pid=5828, tid=4884
#
# JRE version: Java(TM) SE Runtime Environment (19.0.2+7) (build 19.0.2+7-44)
# Java VM: Java HotSpot(TM) 64-Bit Server VM (19.0.2+7-44, mixed mode, sharing, tiered, compressed oops, compressed class ptrs, g1 gc, windows-amd64)
# No core dump will be written. Minidumps are not enabled by default on client versions of Windows
#

---------------  S U M M A R Y ------------

Command Line: -Dclassworlds.conf=C:\Program Files\NetBeans-14\netbeans\java\maven\bin\m2.conf -Dmaven.home=C:\Program Files\NetBeans-14\netbeans\java\maven -Dlibrary.jansi.path=C:\Program Files\NetBeans-14\netbeans\java\maven\lib\jansi-native -Dmaven.multiModuleProjectDirectory=C:\Users\Pichau\Documents\NetBeansProjects\consultorioMedico org.codehaus.plexus.classworlds.launcher.Launcher -Dexec.vmArgs= -Dexec.args=${exec.vmArgs} -classpath %classpath ${exec.mainClass} ${exec.appArgs} -Dexec.executable=C:\Program Files\Java\jdk-19\bin\java.exe -Dexec.mainClass=com.mycompany.consultoriomedico.ConsultorioMedico -Dexec.classpathScope=runtime -Dexec.appArgs= -Dmaven.ext.class.path=C:\Program Files\NetBeans-14\netbeans\java\maven-nblib\netbeans-eventspy.jar org.codehaus.mojo:exec-maven-plugin:3.0.0:exec

Host: Intel(R) Core(TM) i5-10400F CPU @ 2.90GHz, 12 cores, 7G,  Windows 10 , 64 bit Build 19041 (10.0.19041.2546)
Time: Sun Mar 19 22:32:05 2023 Hora oficial do Brasil elapsed time: 0.317108 seconds (0d 0h 0m 0s)

---------------  T H R E A D  ---------------

Current thread (0x00000232dace9ea0):  JavaThread "C2 CompilerThread0" daemon [_thread_in_native, id=4884, stack(0x000000bfbea00000,0x000000bfbeb00000)]


Current CompileTask:
C2:    317  958   !   4       sun.nio.cs.StreamDecoder::read (78 bytes)

Stack: [0x000000bfbea00000,0x000000bfbeb00000]
Native frames: (J=compiled Java code, j=interpreted, Vv=VM code, C=native code)
V  [jvm.dll+0x6ee21a]
V  [jvm.dll+0x85765e]
V  [jvm.dll+0x85904e]
V  [jvm.dll+0x859703]
V  [jvm.dll+0x28298f]
V  [jvm.dll+0xc9adf]
V  [jvm.dll+0xc9e65]
V  [jvm.dll+0x2f7caf]
V  [jvm.dll+0x5f076b]
V  [jvm.dll+0x255483]
V  [jvm.dll+0x24de26]
V  [jvm.dll+0x24b673]
V  [jvm.dll+0x1d6ce1]
V  [jvm.dll+0x25b25a]
V  [jvm.dll+0x2596e8]
V  [jvm.dll+0x807588]
V  [jvm.dll+0x80125a]
V  [jvm.dll+0x6ecf0b]
C  [ucrtbase.dll+0x21bb2]
C  [KERNEL32.DLL+0x17614]
C  [ntdll.dll+0x526a1]


---------------  P R O C E S S  ---------------

Threads class SMR info:
_java_thread_list=0x00000232df6226d0, length=14, elements={
0x00000232ba185410, 0x00000232dacdf960, 0x00000232dace17a0, 0x00000232dace3b30,
0x00000232dace7700, 0x00000232dace87d0, 0x00000232dace9240, 0x00000232dace9ea0,
0x00000232daceea40, 0x00000232dacf5ea0, 0x00000232df114970, 0x00000232df117930,
0x00000232dfa8a140, 0x00000232dfb70f80
}

Java Threads: ( => current thread )
  0x00000232ba185410 JavaThread "main" [_thread_in_vm, id=14552, stack(0x000000bfbdd00000,0x000000bfbde00000)]
  0x00000232dacdf960 JavaThread "Reference Handler" daemon [_thread_blocked, id=14684, stack(0x000000bfbe400000,0x000000bfbe500000)]
  0x00000232dace17a0 JavaThread "Finalizer" daemon [_thread_blocked, id=5764, stack(0x000000bfbe500000,0x000000bfbe600000)]
  0x00000232dace3b30 JavaThread "Signal Dispatcher" daemon [_thread_blocked, id=8088, stack(0x000000bfbe600000,0x000000bfbe700000)]
  0x00000232dace7700 JavaThread "Attach Listener" daemon [_thread_blocked, id=10368, stack(0x000000bfbe700000,0x000000bfbe800000)]
  0x00000232dace87d0 JavaThread "Service Thread" daemon [_thread_blocked, id=7952, stack(0x000000bfbe800000,0x000000bfbe900000)]
  0x00000232dace9240 JavaThread "Monitor Deflation Thread" daemon [_thread_blocked, id=10164, stack(0x000000bfbe900000,0x000000bfbea00000)]
=>0x00000232dace9ea0 JavaThread "C2 CompilerThread0" daemon [_thread_in_native, id=4884, stack(0x000000bfbea00000,0x000000bfbeb00000)]
  0x00000232daceea40 JavaThread "C1 CompilerThread0" daemon [_thread_in_native, id=11796, stack(0x000000bfbeb00000,0x000000bfbec00000)]
  0x00000232dacf5ea0 JavaThread "Sweeper thread" daemon [_thread_blocked, id=11936, stack(0x000000bfbec00000,0x000000bfbed00000)]
  0x00000232df114970 JavaThread "Notification Thread" daemon [_thread_blocked, id=7844, stack(0x000000bfbed00000,0x000000bfbee00000)]
  0x00000232df117930 JavaThread "Common-Cleaner" daemon [_thread_blocked, id=6992, stack(0x000000bfbef00000,0x000000bfbf000000)]
  0x00000232dfa8a140 JavaThread "C2 CompilerThread1" daemon [_thread_in_native, id=7580, stack(0x000000bfbf000000,0x000000bfbf100000)]
  0x00000232dfb70f80 JavaThread "C2 CompilerThread2" daemon [_thread_in_native, id=14728, stack(0x000000bfbf100000,0x000000bfbf200000)]

Other Threads:
  0x00000232dacc72a0 VMThread "VM Thread" [stack: 0x000000bfbe300000,0x000000bfbe400000] [id=15328]
  0x00000232df1154c0 WatcherThread "VM Periodic Task Thread" [stack: 0x000000bfbee00000,0x000000bfbef00000] [id=12332]
  0x00000232ba1e4b50 WorkerThread "GC Thread#0" [stack: 0x000000bfbde00000,0x000000bfbdf00000] [id=3108]
  0x00000232ba1f5870 ConcurrentGCThread "G1 Main Marker" [stack: 0x000000bfbdf00000,0x000000bfbe000000] [id=6404]
  0x00000232ba1f6a40 WorkerThread "G1 Conc#0" [stack: 0x000000bfbe000000,0x000000bfbe100000] [id=9424]
  0x00000232ba23d4e0 ConcurrentGCThread "G1 Refine#0" [stack: 0x000000bfbe100000,0x000000bfbe200000] [id=11776]
  0x00000232ba23e020 ConcurrentGCThread "G1 Service" [stack: 0x000000bfbe200000,0x000000bfbe300000] [id=5596]

Threads with active compile tasks:
C2 CompilerThread0      327  958   !   4       sun.nio.cs.StreamDecoder::read (78 bytes)
C1 CompilerThread0      327  987       3       org.codehaus.plexus.util.xml.pull.MXParser::getText (125 bytes)
C2 CompilerThread1      327  974       4       java.io.InputStreamReader::read (11 bytes)
C2 CompilerThread2      327  960       4       sun.nio.cs.StreamDecoder::lockedRead (189 bytes)

VM state: not at safepoint (normal execution)

VM Mutex/Monitor currently owned by a thread: None

Heap address: 0x0000000082400000, size: 2012 MB, Compressed Oops mode: 32-bit

CDS archive(s) mapped at: [0x0000000800000000-0x0000000800c40000-0x0000000800c40000), size 12845056, SharedBaseAddress: 0x0000000800000000, ArchiveRelocationMode: 0.
Compressed class space mapped at: 0x0000000801000000-0x0000000841000000, reserved size: 1073741824
Narrow klass base: 0x0000000800000000, Narrow klass shift: 0, Narrow klass range: 0x100000000

GC Precious Log:
 CardTable entry size: 512
 Card Set container configuration: InlinePtr #cards 5 size 8 Array Of Cards #cards 12 size 40 Howl #buckets 4 coarsen threshold 1843 Howl Bitmap #cards 512 size 80 coarsen threshold 460 Card regions per heap region 1 cards per card region 2048
 CPUs: 12 total, 12 available
 Memory: 8044M
 Large Page Support: Disabled
 NUMA Support: Disabled
 Compressed Oops: Enabled (32-bit)
 Heap Region Size: 1M
 Heap Min Capacity: 8M
 Heap Initial Capacity: 126M
 Heap Max Capacity: 2012M
 Pre-touch: Disabled
 Parallel Workers: 10
 Concurrent Workers: 3
 Concurrent Refinement Workers: 10
 Periodic GC: Disabled

Heap:
 garbage-first heap   total 129024K, used 16384K [0x0000000082400000, 0x0000000100000000)
  region size 1024K, 18 young (18432K), 0 survivors (0K)
 Metaspace       used 4834K, committed 4992K, reserved 1114112K
  class space    used 532K, committed 640K, reserved 1048576K

Heap Regions: E=young(eden), S=young(survivor), O=old, HS=humongous(starts), HC=humongous(continues), CS=collection set, F=free, OA=open archive, CA=closed archive, TAMS=top-at-mark-start (previous, next)
|   0|0x0000000082400000, 0x0000000082400000, 0x0000000082500000|  0%| F|  |TAMS 0x0000000082400000, 0x0000000082400000| Untracked 
|   1|0x0000000082500000, 0x0000000082500000, 0x0000000082600000|  0%| F|  |TAMS 0x0000000082500000, 0x0000000082500000| Untracked 
|   2|0x0000000082600000, 0x0000000082600000, 0x0000000082700000|  0%| F|  |TAMS 0x0000000082600000, 0x0000000082600000| Untracked 
|   3|0x0000000082700000, 0x0000000082700000, 0x0000000082800000|  0%| F|  |TAMS 0x0000000082700000, 0x0000000082700000| Untracked 
|   4|0x0000000082800000, 0x0000000082800000, 0x0000000082900000|  0%| F|  |TAMS 0x0000000082800000, 0x0000000082800000| Untracked 
|   5|0x0000000082900000, 0x0000000082900000, 0x0000000082a00000|  0%| F|  |TAMS 0x0000000082900000, 0x0000000082900000| Untracked 
|   6|0x0000000082a00000, 0x0000000082a00000, 0x0000000082b00000|  0%| F|  |TAMS 0x0000000082a00000, 0x0000000082a00000| Untracked 
|   7|0x0000000082b00000, 0x0000000082b00000, 0x0000000082c00000|  0%| F|  |TAMS 0x0000000082b00000, 0x0000000082b00000| Untracked 
|   8|0x0000000082c00000, 0x0000000082c00000, 0x0000000082d00000|  0%| F|  |TAMS 0x0000000082c00000, 0x0000000082c00000| Untracked 
|   9|0x0000000082d00000, 0x0000000082d00000, 0x0000000082e00000|  0%| F|  |TAMS 0x0000000082d00000, 0x0000000082d00000| Untracked 
|  10|0x0000000082e00000, 0x0000000082e00000, 0x0000000082f00000|  0%| F|  |TAMS 0x0000000082e00000, 0x0000000082e00000| Untracked 
|  11|0x0000000082f00000, 0x0000000082f00000, 0x0000000083000000|  0%| F|  |TAMS 0x0000000082f00000, 0x0000000082f00000| Untracked 
|  12|0x0000000083000000, 0x0000000083000000, 0x0000000083100000|  0%| F|  |TAMS 0x0000000083000000, 0x0000000083000000| Untracked 
|  13|0x0000000083100000, 0x0000000083100000, 0x0000000083200000|  0%| F|  |TAMS 0x0000000083100000, 0x0000000083100000| Untracked 
|  14|0x0000000083200000, 0x0000000083200000, 0x0000000083300000|  0%| F|  |TAMS 0x0000000083200000, 0x0000000083200000| Untracked 
|  15|0x0000000083300000, 0x0000000083300000, 0x0000000083400000|  0%| F|  |TAMS 0x0000000083300000, 0x0000000083300000| Untracked 
|  16|0x0000000083400000, 0x0000000083400000, 0x0000000083500000|  0%| F|  |TAMS 0x0000000083400000, 0x0000000083400000| Untracked 
|  17|0x0000000083500000, 0x0000000083500000, 0x0000000083600000|  0%| F|  |TAMS 0x0000000083500000, 0x0000000083500000| Untracked 
|  18|0x0000000083600000, 0x0000000083600000, 0x0000000083700000|  0%| F|  |TAMS 0x0000000083600000, 0x0000000083600000| Untracked 
|  19|0x0000000083700000, 0x0000000083700000, 0x0000000083800000|  0%| F|  |TAMS 0x0000000083700000, 0x0000000083700000| Untracked 
|  20|0x0000000083800000, 0x0000000083800000, 0x0000000083900000|  0%| F|  |TAMS 0x0000000083800000, 0x0000000083800000| Untracked 
|  21|0x0000000083900000, 0x0000000083900000, 0x0000000083a00000|  0%| F|  |TAMS 0x0000000083900000, 0x0000000083900000| Untracked 
|  22|0x0000000083a00000, 0x0000000083a00000, 0x0000000083b00000|  0%| F|  |TAMS 0x0000000083a00000, 0x0000000083a00000| Untracked 
|  23|0x0000000083b00000, 0x0000000083b00000, 0x0000000083c00000|  0%| F|  |TAMS 0x0000000083b00000, 0x0000000083b00000| Untracked 
|  24|0x0000000083c00000, 0x0000000083c00000, 0x0000000083d00000|  0%| F|  |TAMS 0x0000000083c00000, 0x0000000083c00000| Untracked 
|  25|0x0000000083d00000, 0x0000000083d00000, 0x0000000083e00000|  0%| F|  |TAMS 0x0000000083d00000, 0x0000000083d00000| Untracked 
|  26|0x0000000083e00000, 0x0000000083e00000, 0x0000000083f00000|  0%| F|  |TAMS 0x0000000083e00000, 0x0000000083e00000| Untracked 
|  27|0x0000000083f00000, 0x0000000083f00000, 0x0000000084000000|  0%| F|  |TAMS 0x0000000083f00000, 0x0000000083f00000| Untracked 
|  28|0x0000000084000000, 0x0000000084000000, 0x0000000084100000|  0%| F|  |TAMS 0x0000000084000000, 0x0000000084000000| Untracked 
|  29|0x0000000084100000, 0x0000000084100000, 0x0000000084200000|  0%| F|  |TAMS 0x0000000084100000, 0x0000000084100000| Untracked 
|  30|0x0000000084200000, 0x0000000084200000, 0x0000000084300000|  0%| F|  |TAMS 0x0000000084200000, 0x0000000084200000| Untracked 
|  31|0x0000000084300000, 0x0000000084300000, 0x0000000084400000|  0%| F|  |TAMS 0x0000000084300000, 0x0000000084300000| Untracked 
|  32|0x0000000084400000, 0x0000000084400000, 0x0000000084500000|  0%| F|  |TAMS 0x0000000084400000, 0x0000000084400000| Untracked 
|  33|0x0000000084500000, 0x0000000084500000, 0x0000000084600000|  0%| F|  |TAMS 0x0000000084500000, 0x0000000084500000| Untracked 
|  34|0x0000000084600000, 0x0000000084600000, 0x0000000084700000|  0%| F|  |TAMS 0x0000000084600000, 0x0000000084600000| Untracked 
|  35|0x0000000084700000, 0x0000000084700000, 0x0000000084800000|  0%| F|  |TAMS 0x0000000084700000, 0x0000000084700000| Untracked 
|  36|0x0000000084800000, 0x0000000084800000, 0x0000000084900000|  0%| F|  |TAMS 0x0000000084800000, 0x0000000084800000| Untracked 
|  37|0x0000000084900000, 0x0000000084900000, 0x0000000084a00000|  0%| F|  |TAMS 0x0000000084900000, 0x0000000084900000| Untracked 
|  38|0x0000000084a00000, 0x0000000084a00000, 0x0000000084b00000|  0%| F|  |TAMS 0x0000000084a00000, 0x0000000084a00000| Untracked 
|  39|0x0000000084b00000, 0x0000000084b00000, 0x0000000084c00000|  0%| F|  |TAMS 0x0000000084b00000, 0x0000000084b00000| Untracked 
|  40|0x0000000084c00000, 0x0000000084c00000, 0x0000000084d00000|  0%| F|  |TAMS 0x0000000084c00000, 0x0000000084c00000| Untracked 
|  41|0x0000000084d00000, 0x0000000084d00000, 0x0000000084e00000|  0%| F|  |TAMS 0x0000000084d00000, 0x0000000084d00000| Untracked 
|  42|0x0000000084e00000, 0x0000000084e00000, 0x0000000084f00000|  0%| F|  |TAMS 0x0000000084e00000, 0x0000000084e00000| Untracked 
|  43|0x0000000084f00000, 0x0000000084f00000, 0x0000000085000000|  0%| F|  |TAMS 0x0000000084f00000, 0x0000000084f00000| Untracked 
|  44|0x0000000085000000, 0x0000000085000000, 0x0000000085100000|  0%| F|  |TAMS 0x0000000085000000, 0x0000000085000000| Untracked 
|  45|0x0000000085100000, 0x0000000085100000, 0x0000000085200000|  0%| F|  |TAMS 0x0000000085100000, 0x0000000085100000| Untracked 
|  46|0x0000000085200000, 0x0000000085200000, 0x0000000085300000|  0%| F|  |TAMS 0x0000000085200000, 0x0000000085200000| Untracked 
|  47|0x0000000085300000, 0x0000000085300000, 0x0000000085400000|  0%| F|  |TAMS 0x0000000085300000, 0x0000000085300000| Untracked 
|  48|0x0000000085400000, 0x0000000085400000, 0x0000000085500000|  0%| F|  |TAMS 0x0000000085400000, 0x0000000085400000| Untracked 
|  49|0x0000000085500000, 0x0000000085500000, 0x0000000085600000|  0%| F|  |TAMS 0x0000000085500000, 0x0000000085500000| Untracked 
|  50|0x0000000085600000, 0x0000000085600000, 0x0000000085700000|  0%| F|  |TAMS 0x0000000085600000, 0x0000000085600000| Untracked 
|  51|0x0000000085700000, 0x0000000085700000, 0x0000000085800000|  0%| F|  |TAMS 0x0000000085700000, 0x0000000085700000| Untracked 
|  52|0x0000000085800000, 0x0000000085800000, 0x0000000085900000|  0%| F|  |TAMS 0x0000000085800000, 0x0000000085800000| Untracked 
|  53|0x0000000085900000, 0x0000000085900000, 0x0000000085a00000|  0%| F|  |TAMS 0x0000000085900000, 0x0000000085900000| Untracked 
|  54|0x0000000085a00000, 0x0000000085a00000, 0x0000000085b00000|  0%| F|  |TAMS 0x0000000085a00000, 0x0000000085a00000| Untracked 
|  55|0x0000000085b00000, 0x0000000085b00000, 0x0000000085c00000|  0%| F|  |TAMS 0x0000000085b00000, 0x0000000085b00000| Untracked 
|  56|0x0000000085c00000, 0x0000000085c00000, 0x0000000085d00000|  0%| F|  |TAMS 0x0000000085c00000, 0x0000000085c00000| Untracked 
|  57|0x0000000085d00000, 0x0000000085d00000, 0x0000000085e00000|  0%| F|  |TAMS 0x0000000085d00000, 0x0000000085d00000| Untracked 
|  58|0x0000000085e00000, 0x0000000085e00000, 0x0000000085f00000|  0%| F|  |TAMS 0x0000000085e00000, 0x0000000085e00000| Untracked 
|  59|0x0000000085f00000, 0x0000000085f00000, 0x0000000086000000|  0%| F|  |TAMS 0x0000000085f00000, 0x0000000085f00000| Untracked 
|  60|0x0000000086000000, 0x0000000086000000, 0x0000000086100000|  0%| F|  |TAMS 0x0000000086000000, 0x0000000086000000| Untracked 
|  61|0x0000000086100000, 0x0000000086100000, 0x0000000086200000|  0%| F|  |TAMS 0x0000000086100000, 0x0000000086100000| Untracked 
|  62|0x0000000086200000, 0x0000000086200000, 0x0000000086300000|  0%| F|  |TAMS 0x0000000086200000, 0x0000000086200000| Untracked 
|  63|0x0000000086300000, 0x0000000086300000, 0x0000000086400000|  0%| F|  |TAMS 0x0000000086300000, 0x0000000086300000| Untracked 
|  64|0x0000000086400000, 0x0000000086400000, 0x0000000086500000|  0%| F|  |TAMS 0x0000000086400000, 0x0000000086400000| Untracked 
|  65|0x0000000086500000, 0x0000000086500000, 0x0000000086600000|  0%| F|  |TAMS 0x0000000086500000, 0x0000000086500000| Untracked 
|  66|0x0000000086600000, 0x0000000086600000, 0x0000000086700000|  0%| F|  |TAMS 0x0000000086600000, 0x0000000086600000| Untracked 
|  67|0x0000000086700000, 0x0000000086700000, 0x0000000086800000|  0%| F|  |TAMS 0x0000000086700000, 0x0000000086700000| Untracked 
|  68|0x0000000086800000, 0x0000000086800000, 0x0000000086900000|  0%| F|  |TAMS 0x0000000086800000, 0x0000000086800000| Untracked 
|  69|0x0000000086900000, 0x0000000086900000, 0x0000000086a00000|  0%| F|  |TAMS 0x0000000086900000, 0x0000000086900000| Untracked 
|  70|0x0000000086a00000, 0x0000000086a00000, 0x0000000086b00000|  0%| F|  |TAMS 0x0000000086a00000, 0x0000000086a00000| Untracked 
|  71|0x0000000086b00000, 0x0000000086b00000, 0x0000000086c00000|  0%| F|  |TAMS 0x0000000086b00000, 0x0000000086b00000| Untracked 
|  72|0x0000000086c00000, 0x0000000086c00000, 0x0000000086d00000|  0%| F|  |TAMS 0x0000000086c00000, 0x0000000086c00000| Untracked 
|  73|0x0000000086d00000, 0x0000000086d00000, 0x0000000086e00000|  0%| F|  |TAMS 0x0000000086d00000, 0x0000000086d00000| Untracked 
|  74|0x0000000086e00000, 0x0000000086e00000, 0x0000000086f00000|  0%| F|  |TAMS 0x0000000086e00000, 0x0000000086e00000| Untracked 
|  75|0x0000000086f00000, 0x0000000086f00000, 0x0000000087000000|  0%| F|  |TAMS 0x0000000086f00000, 0x0000000086f00000| Untracked 
|  76|0x0000000087000000, 0x0000000087000000, 0x0000000087100000|  0%| F|  |TAMS 0x0000000087000000, 0x0000000087000000| Untracked 
|  77|0x0000000087100000, 0x0000000087100000, 0x0000000087200000|  0%| F|  |TAMS 0x0000000087100000, 0x0000000087100000| Untracked 
|  78|0x0000000087200000, 0x0000000087200000, 0x0000000087300000|  0%| F|  |TAMS 0x0000000087200000, 0x0000000087200000| Untracked 
|  79|0x0000000087300000, 0x0000000087300000, 0x0000000087400000|  0%| F|  |TAMS 0x0000000087300000, 0x0000000087300000| Untracked 
|  80|0x0000000087400000, 0x0000000087400000, 0x0000000087500000|  0%| F|  |TAMS 0x0000000087400000, 0x0000000087400000| Untracked 
|  81|0x0000000087500000, 0x0000000087500000, 0x0000000087600000|  0%| F|  |TAMS 0x0000000087500000, 0x0000000087500000| Untracked 
|  82|0x0000000087600000, 0x0000000087600000, 0x0000000087700000|  0%| F|  |TAMS 0x0000000087600000, 0x0000000087600000| Untracked 
|  83|0x0000000087700000, 0x0000000087700000, 0x0000000087800000|  0%| F|  |TAMS 0x0000000087700000, 0x0000000087700000| Untracked 
|  84|0x0000000087800000, 0x0000000087800000, 0x0000000087900000|  0%| F|  |TAMS 0x0000000087800000, 0x0000000087800000| Untracked 
|  85|0x0000000087900000, 0x0000000087900000, 0x0000000087a00000|  0%| F|  |TAMS 0x0000000087900000, 0x0000000087900000| Untracked 
|  86|0x0000000087a00000, 0x0000000087a00000, 0x0000000087b00000|  0%| F|  |TAMS 0x0000000087a00000, 0x0000000087a00000| Untracked 
|  87|0x0000000087b00000, 0x0000000087b00000, 0x0000000087c00000|  0%| F|  |TAMS 0x0000000087b00000, 0x0000000087b00000| Untracked 
|  88|0x0000000087c00000, 0x0000000087c00000, 0x0000000087d00000|  0%| F|  |TAMS 0x0000000087c00000, 0x0000000087c00000| Untracked 
|  89|0x0000000087d00000, 0x0000000087d00000, 0x0000000087e00000|  0%| F|  |TAMS 0x0000000087d00000, 0x0000000087d00000| Untracked 
|  90|0x0000000087e00000, 0x0000000087e00000, 0x0000000087f00000|  0%| F|  |TAMS 0x0000000087e00000, 0x0000000087e00000| Untracked 
|  91|0x0000000087f00000, 0x0000000087f00000, 0x0000000088000000|  0%| F|  |TAMS 0x0000000087f00000, 0x0000000087f00000| Untracked 
|  92|0x0000000088000000, 0x0000000088000000, 0x0000000088100000|  0%| F|  |TAMS 0x0000000088000000, 0x0000000088000000| Untracked 
|  93|0x0000000088100000, 0x0000000088100000, 0x0000000088200000|  0%| F|  |TAMS 0x0000000088100000, 0x0000000088100000| Untracked 
|  94|0x0000000088200000, 0x0000000088200000, 0x0000000088300000|  0%| F|  |TAMS 0x0000000088200000, 0x0000000088200000| Untracked 
|  95|0x0000000088300000, 0x0000000088300000, 0x0000000088400000|  0%| F|  |TAMS 0x0000000088300000, 0x0000000088300000| Untracked 
|  96|0x0000000088400000, 0x0000000088400000, 0x0000000088500000|  0%| F|  |TAMS 0x0000000088400000, 0x0000000088400000| Untracked 
|  97|0x0000000088500000, 0x0000000088500000, 0x0000000088600000|  0%| F|  |TAMS 0x0000000088500000, 0x0000000088500000| Untracked 
|  98|0x0000000088600000, 0x0000000088600000, 0x0000000088700000|  0%| F|  |TAMS 0x0000000088600000, 0x0000000088600000| Untracked 
|  99|0x0000000088700000, 0x0000000088700000, 0x0000000088800000|  0%| F|  |TAMS 0x0000000088700000, 0x0000000088700000| Untracked 
| 100|0x0000000088800000, 0x0000000088800000, 0x0000000088900000|  0%| F|  |TAMS 0x0000000088800000, 0x0000000088800000| Untracked 
| 101|0x0000000088900000, 0x0000000088900000, 0x0000000088a00000|  0%| F|  |TAMS 0x0000000088900000, 0x0000000088900000| Untracked 
| 102|0x0000000088a00000, 0x0000000088a00000, 0x0000000088b00000|  0%| F|  |TAMS 0x0000000088a00000, 0x0000000088a00000| Untracked 
| 103|0x0000000088b00000, 0x0000000088b00000, 0x0000000088c00000|  0%| F|  |TAMS 0x0000000088b00000, 0x0000000088b00000| Untracked 
| 104|0x0000000088c00000, 0x0000000088c00000, 0x0000000088d00000|  0%| F|  |TAMS 0x0000000088c00000, 0x0000000088c00000| Untracked 
| 105|0x0000000088d00000, 0x0000000088d00000, 0x0000000088e00000|  0%| F|  |TAMS 0x0000000088d00000, 0x0000000088d00000| Untracked 
| 106|0x0000000088e00000, 0x0000000088e00000, 0x0000000088f00000|  0%| F|  |TAMS 0x0000000088e00000, 0x0000000088e00000| Untracked 
| 107|0x0000000088f00000, 0x0000000088f00000, 0x0000000089000000|  0%| F|  |TAMS 0x0000000088f00000, 0x0000000088f00000| Untracked 
| 108|0x0000000089000000, 0x00000000890ec178, 0x0000000089100000| 92%| E|  |TAMS 0x0000000089000000, 0x0000000089000000| Complete 
| 109|0x0000000089100000, 0x0000000089200000, 0x0000000089200000|100%| E|CS|TAMS 0x0000000089100000, 0x0000000089100000| Complete 
| 110|0x0000000089200000, 0x0000000089300000, 0x0000000089300000|100%| E|CS|TAMS 0x0000000089200000, 0x0000000089200000| Complete 
| 111|0x0000000089300000, 0x0000000089400000, 0x0000000089400000|100%| E|CS|TAMS 0x0000000089300000, 0x0000000089300000| Complete 
| 112|0x0000000089400000, 0x0000000089500000, 0x0000000089500000|100%| E|CS|TAMS 0x0000000089400000, 0x0000000089400000| Complete 
| 113|0x0000000089500000, 0x0000000089600000, 0x0000000089600000|100%| E|CS|TAMS 0x0000000089500000, 0x0000000089500000| Complete 
| 114|0x0000000089600000, 0x0000000089700000, 0x0000000089700000|100%| E|  |TAMS 0x0000000089600000, 0x0000000089600000| Complete 
| 115|0x0000000089700000, 0x0000000089800000, 0x0000000089800000|100%| E|CS|TAMS 0x0000000089700000, 0x0000000089700000| Complete 
| 116|0x0000000089800000, 0x0000000089900000, 0x0000000089900000|100%| E|CS|TAMS 0x0000000089800000, 0x0000000089800000| Complete 
| 117|0x0000000089900000, 0x0000000089a00000, 0x0000000089a00000|100%| E|CS|TAMS 0x0000000089900000, 0x0000000089900000| Complete 
| 118|0x0000000089a00000, 0x0000000089b00000, 0x0000000089b00000|100%| E|CS|TAMS 0x0000000089a00000, 0x0000000089a00000| Complete 
| 119|0x0000000089b00000, 0x0000000089c00000, 0x0000000089c00000|100%| E|CS|TAMS 0x0000000089b00000, 0x0000000089b00000| Complete 
| 120|0x0000000089c00000, 0x0000000089d00000, 0x0000000089d00000|100%| E|CS|TAMS 0x0000000089c00000, 0x0000000089c00000| Complete 
| 121|0x0000000089d00000, 0x0000000089e00000, 0x0000000089e00000|100%| E|CS|TAMS 0x0000000089d00000, 0x0000000089d00000| Complete 
| 122|0x0000000089e00000, 0x0000000089f00000, 0x0000000089f00000|100%| E|CS|TAMS 0x0000000089e00000, 0x0000000089e00000| Complete 
| 123|0x0000000089f00000, 0x000000008a000000, 0x000000008a000000|100%| E|CS|TAMS 0x0000000089f00000, 0x0000000089f00000| Complete 
| 124|0x000000008a000000, 0x000000008a100000, 0x000000008a100000|100%| E|CS|TAMS 0x000000008a000000, 0x000000008a000000| Complete 
| 125|0x000000008a100000, 0x000000008a200000, 0x000000008a200000|100%| E|CS|TAMS 0x000000008a100000, 0x000000008a100000| Complete 

Card table byte_map: [0x00000232d3940000,0x00000232d3d30000] _byte_map_base: 0x00000232d352e000

Marking Bits (Prev, Next): (CMBitMap*) 0x00000232ba1e5180, (CMBitMap*) 0x00000232ba1e51c0
 Prev Bits: [0x00000232d4120000, 0x00000232d6090000)
 Next Bits: [0x00000232d6090000, 0x00000232d8000000)

Polling page: 0x00000232ba240000

Metaspace:

Usage:
  Non-class:      4.20 MB used.
      Class:    532.02 KB used.
       Both:      4.72 MB used.

Virtual space:
  Non-class space:       64.00 MB reserved,       4.25 MB (  7%) committed,  1 nodes.
      Class space:        1.00 GB reserved,     640.00 KB ( <1%) committed,  1 nodes.
             Both:        1.06 GB reserved,       4.88 MB ( <1%) committed. 

Chunk freelists:
   Non-Class:  1.45 MB
       Class:  3.36 MB
        Both:  4.81 MB

MaxMetaspaceSize: unlimited
CompressedClassSpaceSize: 1.00 GB
Initial GC threshold: 21.00 MB
Current GC threshold: 21.00 MB
CDS: on
MetaspaceReclaimPolicy: balanced
 - commit_granule_bytes: 65536.
 - commit_granule_words: 8192.
 - virtual_space_node_default_size: 8388608.
 - enlarge_chunks_in_place: 1.
 - new_chunks_are_fully_committed: 0.
 - uncommit_free_chunks: 1.
 - use_allocation_guard: 0.


Internal statistics:

num_allocs_failed_limit: 0.
num_arena_births: 34.
num_arena_deaths: 0.
num_vsnodes_births: 2.
num_vsnodes_deaths: 0.
num_space_committed: 78.
num_space_uncommitted: 0.
num_chunks_returned_to_freelist: 0.
num_chunks_taken_from_freelist: 160.
num_chunk_merges: 0.
num_chunk_splits: 119.
num_chunks_enlarged: 100.
num_inconsistent_stats: 0.

CodeHeap 'non-profiled nmethods': size=120000Kb used=285Kb max_used=285Kb free=119714Kb
 bounds [0x00000232cb380000, 0x00000232cb5f0000, 0x00000232d28b0000]
CodeHeap 'profiled nmethods': size=120000Kb used=1946Kb max_used=1946Kb free=118053Kb
 bounds [0x00000232c38b0000, 0x00000232c3b20000, 0x00000232cade0000]
CodeHeap 'non-nmethods': size=5760Kb used=1239Kb max_used=1255Kb free=4520Kb
 bounds [0x00000232cade0000, 0x00000232cb050000, 0x00000232cb380000]
 total_blobs=1423 nmethods=977 adapters=357
 compilation: enabled
              stopped_count=0, restarted_count=0
 full_count=0

Compilation events (20 events):
Event: 0.304 Thread 0x00000232dfa8a140 nmethod 963 0x00000232cb3c6090 code [0x00000232cb3c6220, 0x00000232cb3c62d8]
Event: 0.304 Thread 0x00000232dfa8a140  962       4       java.nio.CharBuffer::arrayOffset (35 bytes)
Event: 0.304 Thread 0x00000232dfa8a140 nmethod 962 0x00000232cb3c6390 code [0x00000232cb3c6520, 0x00000232cb3c65d8]
Event: 0.304 Thread 0x00000232dfa8a140  964       4       java.nio.CharBuffer::position (6 bytes)
Event: 0.305 Thread 0x00000232dfa8a140 nmethod 964 0x00000232cb3c6690 code [0x00000232cb3c6820, 0x00000232cb3c68f8]
Event: 0.305 Thread 0x00000232dfa8a140  961       4       java.util.concurrent.locks.ReentrantLock::unlock (10 bytes)
Event: 0.306 Thread 0x00000232dfa8a140 nmethod 961 0x00000232cb3c6a10 code [0x00000232cb3c6ba0, 0x00000232cb3c6cf8]
Event: 0.306 Thread 0x00000232dfa8a140  971       4       jdk.internal.misc.Unsafe::allocateUninitializedArray (55 bytes)
Event: 0.306 Thread 0x00000232daceea40 nmethod 968 0x00000232c3a85290 code [0x00000232c3a85c80, 0x00000232c3a8b7b8]
Event: 0.306 Thread 0x00000232daceea40  972       3       org.codehaus.plexus.util.xml.pull.MXParser::parseEndTag (444 bytes)
Event: 0.307 Thread 0x00000232dfa8a140 nmethod 971 0x00000232cb3c6e90 code [0x00000232cb3c7020, 0x00000232cb3c71f8]
Event: 0.307 Thread 0x00000232dfa8a140  974       4       java.io.InputStreamReader::read (11 bytes)
Event: 0.308 Thread 0x00000232daceea40 nmethod 972 0x00000232c3a8dd10 code [0x00000232c3a8e300, 0x00000232c3a909e8]
Event: 0.308 Thread 0x00000232daceea40  970       3       java.lang.StringLatin1::trim (76 bytes)
Event: 0.308 Thread 0x00000232daceea40 nmethod 970 0x00000232c3a91b90 code [0x00000232c3a91d60, 0x00000232c3a92148]
Event: 0.308 Thread 0x00000232daceea40  969       3       java.lang.String::trim (35 bytes)
Event: 0.308 Thread 0x00000232daceea40 nmethod 969 0x00000232c3a92290 code [0x00000232c3a92460, 0x00000232c3a92738]
Event: 0.308 Thread 0x00000232daceea40  973       1       org.codehaus.plexus.util.xml.pull.MXParser::getEventType (5 bytes)
Event: 0.308 Thread 0x00000232daceea40 nmethod 973 0x00000232cb3c7310 code [0x00000232cb3c74a0, 0x00000232cb3c7558]
Event: 0.309 Thread 0x00000232daceea40  981       3       org.codehaus.plexus.util.xml.pull.MXParser::isWhitespace (116 bytes)

GC Heap History (0 events):
No events

Dll operation events (8 events):
Event: 0.004 Loaded shared library C:\Program Files\Java\jdk-19\bin\java.dll
Event: 0.011 Loaded shared library C:\Program Files\Java\jdk-19\bin\jsvml.dll
Event: 0.033 Loaded shared library C:\Program Files\Java\jdk-19\bin\net.dll
Event: 0.035 Loaded shared library C:\Program Files\Java\jdk-19\bin\nio.dll
Event: 0.037 Loaded shared library C:\Program Files\Java\jdk-19\bin\zip.dll
Event: 0.090 Loaded shared library C:\Program Files\Java\jdk-19\bin\jimage.dll
Event: 0.095 Loaded shared library C:\Program Files\NetBeans-14\netbeans\java\maven\lib\jansi-native\Windows\x86_64\jansi.dll
Event: 0.102 Loaded shared library C:\Program Files\Java\jdk-19\bin\verify.dll

Deoptimization events (20 events):
Event: 0.294 Thread 0x00000232ba185410 DEOPT PACKING pc=0x00000232cb3c42c8 sp=0x000000bfbddfd7a0
Event: 0.294 Thread 0x00000232ba185410 DEOPT UNPACKING pc=0x00000232cae46da3 sp=0x000000bfbddfd728 mode 2
Event: 0.294 Thread 0x00000232ba185410 Uncommon trap: trap_request=0xffffffde fr.pc=0x00000232cb3c42c8 relative=0x0000000000000128
Event: 0.294 Thread 0x00000232ba185410 Uncommon trap: reason=class_check action=maybe_recompile pc=0x00000232cb3c42c8 method=jdk.internal.misc.Unsafe.allocateUninitializedArray(Ljava/lang/Class;I)Ljava/lang/Object; @ 51 c2
Event: 0.294 Thread 0x00000232ba185410 DEOPT PACKING pc=0x00000232cb3c42c8 sp=0x000000bfbddfd840
Event: 0.294 Thread 0x00000232ba185410 DEOPT UNPACKING pc=0x00000232cae46da3 sp=0x000000bfbddfd7c8 mode 2
Event: 0.296 Thread 0x00000232ba185410 DEOPT PACKING pc=0x00000232c38f7696 sp=0x000000bfbddfe0a0
Event: 0.296 Thread 0x00000232ba185410 DEOPT UNPACKING pc=0x00000232cae47543 sp=0x000000bfbddfd578 mode 0
Event: 0.296 Thread 0x00000232ba185410 Uncommon trap: trap_request=0xffffffde fr.pc=0x00000232cb3ac598 relative=0x0000000000000698
Event: 0.296 Thread 0x00000232ba185410 Uncommon trap: reason=class_check action=maybe_recompile pc=0x00000232cb3ac598 method=java.util.regex.Matcher.search(I)Z @ 121 c2
Event: 0.296 Thread 0x00000232ba185410 DEOPT PACKING pc=0x00000232cb3ac598 sp=0x000000bfbddfe190
Event: 0.296 Thread 0x00000232ba185410 DEOPT UNPACKING pc=0x00000232cae46da3 sp=0x000000bfbddfe160 mode 2
Event: 0.296 Thread 0x00000232ba185410 Uncommon trap: trap_request=0xffffff45 fr.pc=0x00000232cb3c506c relative=0x00000000000000cc
Event: 0.296 Thread 0x00000232ba185410 Uncommon trap: reason=unstable_if action=reinterpret pc=0x00000232cb3c506c method=java.util.concurrent.locks.ReentrantLock$Sync.tryRelease(I)Z @ 26 c2
Event: 0.296 Thread 0x00000232ba185410 DEOPT PACKING pc=0x00000232cb3c506c sp=0x000000bfbddfdc90
Event: 0.296 Thread 0x00000232ba185410 DEOPT UNPACKING pc=0x00000232cae46da3 sp=0x000000bfbddfdc30 mode 2
Event: 0.296 Thread 0x00000232ba185410 Uncommon trap: trap_request=0xffffff45 fr.pc=0x00000232cb3c53f8 relative=0x00000000000000d8
Event: 0.296 Thread 0x00000232ba185410 Uncommon trap: reason=unstable_if action=reinterpret pc=0x00000232cb3c53f8 method=java.util.concurrent.locks.ReentrantLock$Sync.tryRelease(I)Z @ 26 c2
Event: 0.296 Thread 0x00000232ba185410 DEOPT PACKING pc=0x00000232cb3c53f8 sp=0x000000bfbddfdde0
Event: 0.296 Thread 0x00000232ba185410 DEOPT UNPACKING pc=0x00000232cae46da3 sp=0x000000bfbddfdc70 mode 2

Classes loaded (20 events):
Event: 0.283 Loading class sun/reflect/generics/repository/ClassRepository
Event: 0.283 Loading class sun/reflect/generics/repository/GenericDeclRepository
Event: 0.283 Loading class sun/reflect/generics/repository/AbstractRepository
Event: 0.283 Loading class sun/reflect/generics/repository/AbstractRepository done
Event: 0.283 Loading class sun/reflect/generics/repository/GenericDeclRepository done
Event: 0.283 Loading class sun/reflect/generics/repository/ClassRepository done
Event: 0.283 Loading class java/lang/reflect/TypeVariable
Event: 0.283 Loading class java/lang/reflect/TypeVariable done
Event: 0.283 Loading class sun/reflect/generics/tree/FormalTypeParameter
Event: 0.283 Loading class sun/reflect/generics/tree/FormalTypeParameter done
Event: 0.283 Loading class sun/reflect/generics/tree/ClassSignature
Event: 0.283 Loading class sun/reflect/generics/tree/Signature
Event: 0.283 Loading class sun/reflect/generics/tree/Signature done
Event: 0.283 Loading class sun/reflect/generics/tree/ClassSignature done
Event: 0.283 Loading class java/lang/reflect/WildcardType
Event: 0.283 Loading class java/lang/reflect/WildcardType done
Event: 0.284 Loading class sun/reflect/generics/tree/TypeVariableSignature
Event: 0.284 Loading class sun/reflect/generics/tree/TypeVariableSignature done
Event: 0.289 Loading class java/lang/annotation/IncompleteAnnotationException
Event: 0.289 Loading class java/lang/annotation/IncompleteAnnotationException done

Classes unloaded (0 events):
No events

Classes redefined (0 events):
No events

Internal exceptions (12 events):
Event: 0.082 Thread 0x00000232ba185410 Exception <a 'java/lang/NoSuchMethodError'{0x0000000089eab400}: 'java.lang.Object java.lang.invoke.Invokers$Holder.invokeExact_MT(java.lang.Object, java.lang.Object, java.lang.Object, java.lang.Object, java.lang.Object)'> (0x0000000089eab400) 
thrown [s\open\src\hotspot\share\interpreter\linkResolver.cpp, line 774]
Event: 0.088 Thread 0x00000232ba185410 Exception <a 'java/lang/NullPointerException'{0x0000000089d02dc8}> (0x0000000089d02dc8) 
thrown [s\open\src\hotspot\share\interpreter\linkResolver.cpp, line 1374]
Event: 0.096 Thread 0x00000232ba185410 Exception <a 'java/lang/NullPointerException'{0x0000000089d2b918}> (0x0000000089d2b918) 
thrown [s\open\src\hotspot\share\interpreter\linkResolver.cpp, line 1374]
Event: 0.096 Thread 0x00000232ba185410 Exception <a 'java/lang/NullPointerException'{0x0000000089d2bbf8}> (0x0000000089d2bbf8) 
thrown [s\open\src\hotspot\share\interpreter\linkResolver.cpp, line 1374]
Event: 0.096 Thread 0x00000232ba185410 Exception <a 'java/lang/NullPointerException'{0x0000000089d2bed8}> (0x0000000089d2bed8) 
thrown [s\open\src\hotspot\share\interpreter\linkResolver.cpp, line 1374]
Event: 0.097 Thread 0x00000232ba185410 Exception <a 'java/lang/NullPointerException'{0x0000000089d30ce0}> (0x0000000089d30ce0) 
thrown [s\open\src\hotspot\share\interpreter\linkResolver.cpp, line 1374]
Event: 0.098 Thread 0x00000232ba185410 Exception <a 'java/lang/NullPointerException'{0x0000000089d43740}> (0x0000000089d43740) 
thrown [s\open\src\hotspot\share\interpreter\linkResolver.cpp, line 1374]
Event: 0.098 Thread 0x00000232ba185410 Exception <a 'java/lang/NullPointerException'{0x0000000089d43a20}> (0x0000000089d43a20) 
thrown [s\open\src\hotspot\share\interpreter\linkResolver.cpp, line 1374]
Event: 0.098 Thread 0x00000232ba185410 Exception <a 'java/lang/NullPointerException'{0x0000000089d43d00}> (0x0000000089d43d00) 
thrown [s\open\src\hotspot\share\interpreter\linkResolver.cpp, line 1374]
Event: 0.098 Thread 0x00000232ba185410 Exception <a 'java/lang/NullPointerException'{0x0000000089d43fe0}> (0x0000000089d43fe0) 
thrown [s\open\src\hotspot\share\interpreter\linkResolver.cpp, line 1374]
Event: 0.266 Thread 0x00000232ba185410 Exception <a 'java/lang/NoSuchMethodError'{0x00000000894e39f0}: 'java.lang.Object java.lang.invoke.DirectMethodHandle$Holder.newInvokeSpecial(java.lang.Object, java.lang.Object, java.lang.Object, java.lang.Object, java.lang.Object)'> (0x00000000894e39f0) 
thrown [s\open\src\hotspot\share\interpreter\linkResolver.cpp, line 774]
Event: 0.289 Thread 0x00000232ba185410 Exception <a 'java/lang/NoClassDefFoundError'{0x0000000089235430}: javax/enterprise/inject/Typed> (0x0000000089235430) 
thrown [s\open\src\hotspot\share\classfile\systemDictionary.cpp, line 244]

VM Operations (8 events):
Event: 0.037 Executing VM operation: HandshakeAllThreads
Event: 0.037 Executing VM operation: HandshakeAllThreads done
Event: 0.088 Executing VM operation: HandshakeAllThreads
Event: 0.088 Executing VM operation: HandshakeAllThreads done
Event: 0.092 Executing VM operation: HandshakeAllThreads
Event: 0.092 Executing VM operation: HandshakeAllThreads done
Event: 0.146 Executing VM operation: HandshakeAllThreads
Event: 0.146 Executing VM operation: HandshakeAllThreads done

Events (14 events):
Event: 0.011 Thread 0x00000232ba185410 Thread added: 0x00000232ba185410
Event: 0.019 Thread 0x00000232dacdf960 Thread added: 0x00000232dacdf960
Event: 0.019 Thread 0x00000232dace17a0 Thread added: 0x00000232dace17a0
Event: 0.019 Thread 0x00000232dace3b30 Thread added: 0x00000232dace3b30
Event: 0.020 Thread 0x00000232dace7700 Thread added: 0x00000232dace7700
Event: 0.020 Thread 0x00000232dace87d0 Thread added: 0x00000232dace87d0
Event: 0.020 Thread 0x00000232dace9240 Thread added: 0x00000232dace9240
Event: 0.020 Thread 0x00000232dace9ea0 Thread added: 0x00000232dace9ea0
Event: 0.020 Thread 0x00000232daceea40 Thread added: 0x00000232daceea40
Event: 0.020 Thread 0x00000232dacf5ea0 Thread added: 0x00000232dacf5ea0
Event: 0.029 Thread 0x00000232df114970 Thread added: 0x00000232df114970
Event: 0.031 Thread 0x00000232df117930 Thread added: 0x00000232df117930
Event: 0.302 Thread 0x00000232dfa8a140 Thread added: 0x00000232dfa8a140
Event: 0.302 Thread 0x00000232dfb70f80 Thread added: 0x00000232dfb70f80


Dynamic libraries:
0x00007ff677160000 - 0x00007ff677170000 	C:\Program Files\Java\jdk-19\bin\java.exe
0x00007ffc85d10000 - 0x00007ffc85f08000 	C:\Windows\SYSTEM32\ntdll.dll
0x00007ffc84870000 - 0x00007ffc8492f000 	C:\Windows\System32\KERNEL32.DLL
0x00007ffc834e0000 - 0x00007ffc837b2000 	C:\Windows\System32\KERNELBASE.dll
0x00007ffc837c0000 - 0x00007ffc838c0000 	C:\Windows\System32\ucrtbase.dll
0x00007ffc6cc80000 - 0x00007ffc6cc98000 	C:\Program Files\Java\jdk-19\bin\jli.dll
0x00007ffc84a40000 - 0x00007ffc84aee000 	C:\Windows\System32\ADVAPI32.dll
0x00007ffc84d30000 - 0x00007ffc84dce000 	C:\Windows\System32\msvcrt.dll
0x00007ffc840e0000 - 0x00007ffc8417c000 	C:\Windows\System32\sechost.dll
0x00007ffc84c00000 - 0x00007ffc84d24000 	C:\Windows\System32\RPCRT4.dll
0x00007ffc84e00000 - 0x00007ffc84fa1000 	C:\Windows\System32\USER32.dll
0x00007ffc834b0000 - 0x00007ffc834d2000 	C:\Windows\System32\win32u.dll
0x00007ffc84930000 - 0x00007ffc8495b000 	C:\Windows\System32\GDI32.dll
0x00007ffc838c0000 - 0x00007ffc839cf000 	C:\Windows\System32\gdi32full.dll
0x00007ffc83410000 - 0x00007ffc834ad000 	C:\Windows\System32\msvcp_win.dll
0x00007ffc7c7a0000 - 0x00007ffc7c7bb000 	C:\Program Files\Java\jdk-19\bin\VCRUNTIME140.dll
0x00007ffc6f700000 - 0x00007ffc6f99a000 	C:\Windows\WinSxS\amd64_microsoft.windows.common-controls_6595b64144ccf1df_6.0.19041.1110_none_60b5254171f9507e\COMCTL32.dll
0x00007ffc7cef0000 - 0x00007ffc7cefa000 	C:\Windows\SYSTEM32\VERSION.dll
0x00007ffc84dd0000 - 0x00007ffc84e00000 	C:\Windows\System32\IMM32.DLL
0x00007ffc825a0000 - 0x00007ffc825d3000 	C:\Windows\SYSTEM32\ntmarta.dll
0x00007ffc832d0000 - 0x00007ffc83302000 	C:\Windows\SYSTEM32\SspiCli.dll
0x00007ffc7a1f0000 - 0x00007ffc7a1fc000 	C:\Program Files\Java\jdk-19\bin\vcruntime140_1.dll
0x00007ffc70880000 - 0x00007ffc7090e000 	C:\Program Files\Java\jdk-19\bin\msvcp140.dll
0x00007ffc3ae60000 - 0x00007ffc3bb20000 	C:\Program Files\Java\jdk-19\bin\server\jvm.dll
0x00007ffc7f340000 - 0x00007ffc7f349000 	C:\Windows\SYSTEM32\WSOCK32.dll
0x00007ffc84070000 - 0x00007ffc840db000 	C:\Windows\System32\WS2_32.dll
0x00007ffc74800000 - 0x00007ffc74827000 	C:\Windows\SYSTEM32\WINMM.dll
0x00007ffc812f0000 - 0x00007ffc81302000 	C:\Windows\SYSTEM32\kernel.appcore.dll
0x00007ffc79f40000 - 0x00007ffc79f4a000 	C:\Program Files\Java\jdk-19\bin\jimage.dll
0x00007ffc71230000 - 0x00007ffc71414000 	C:\Windows\SYSTEM32\DBGHELP.DLL
0x00007ffc6c300000 - 0x00007ffc6c335000 	C:\Windows\SYSTEM32\dbgcore.DLL
0x00007ffc83c60000 - 0x00007ffc83ce2000 	C:\Windows\System32\bcryptPrimitives.dll
0x00007ffc79fd0000 - 0x00007ffc79ff6000 	C:\Program Files\Java\jdk-19\bin\java.dll
0x00007ffc62580000 - 0x00007ffc62657000 	C:\Program Files\Java\jdk-19\bin\jsvml.dll
0x00007ffc85380000 - 0x00007ffc85ac5000 	C:\Windows\System32\SHELL32.dll
0x00007ffc814f0000 - 0x00007ffc81c82000 	C:\Windows\SYSTEM32\windows.storage.dll
0x00007ffc84fc0000 - 0x00007ffc85315000 	C:\Windows\System32\combase.dll
0x00007ffc82e70000 - 0x00007ffc82ea0000 	C:\Windows\SYSTEM32\Wldp.dll
0x00007ffc84af0000 - 0x00007ffc84b9d000 	C:\Windows\System32\SHCORE.dll
0x00007ffc849e0000 - 0x00007ffc84a35000 	C:\Windows\System32\shlwapi.dll
0x00007ffc83350000 - 0x00007ffc8336f000 	C:\Windows\SYSTEM32\profapi.dll
0x00007ffc79d90000 - 0x00007ffc79da3000 	C:\Program Files\Java\jdk-19\bin\net.dll
0x00007ffc7d070000 - 0x00007ffc7d17a000 	C:\Windows\SYSTEM32\WINHTTP.dll
0x00007ffc82bd0000 - 0x00007ffc82c3a000 	C:\Windows\system32\mswsock.dll
0x00007ffc747e0000 - 0x00007ffc747f6000 	C:\Program Files\Java\jdk-19\bin\nio.dll
0x00007ffc747c0000 - 0x00007ffc747d8000 	C:\Program Files\Java\jdk-19\bin\zip.dll
0x0000000069ac0000 - 0x0000000069ae4000 	C:\Program Files\NetBeans-14\netbeans\java\maven\lib\jansi-native\Windows\x86_64\jansi.dll
0x00007ffc79d80000 - 0x00007ffc79d90000 	C:\Program Files\Java\jdk-19\bin\verify.dll

dbghelp: loaded successfully - version: 4.0.5 - missing functions: none
symbol engine: initialized successfully - sym options: 0x614 - pdb path: .;C:\Program Files\Java\jdk-19\bin;C:\Windows\SYSTEM32;C:\Windows\WinSxS\amd64_microsoft.windows.common-controls_6595b64144ccf1df_6.0.19041.1110_none_60b5254171f9507e;C:\Program Files\Java\jdk-19\bin\server;C:\Program Files\NetBeans-14\netbeans\java\maven\lib\jansi-native\Windows\x86_64

VM Arguments:
jvm_args: -Dclassworlds.conf=C:\Program Files\NetBeans-14\netbeans\java\maven\bin\m2.conf -Dmaven.home=C:\Program Files\NetBeans-14\netbeans\java\maven -Dlibrary.jansi.path=C:\Program Files\NetBeans-14\netbeans\java\maven\lib\jansi-native -Dmaven.multiModuleProjectDirectory=C:\Users\Pichau\Documents\NetBeansProjects\consultorioMedico 
java_command: org.codehaus.plexus.classworlds.launcher.Launcher -Dexec.vmArgs= -Dexec.args=${exec.vmArgs} -classpath %classpath ${exec.mainClass} ${exec.appArgs} -Dexec.executable=C:\Program Files\Java\jdk-19\bin\java.exe -Dexec.mainClass=com.mycompany.consultoriomedico.ConsultorioMedico -Dexec.classpathScope=runtime -Dexec.appArgs= -Dmaven.ext.class.path=C:\Program Files\NetBeans-14\netbeans\java\maven-nblib\netbeans-eventspy.jar org.codehaus.mojo:exec-maven-plugin:3.0.0:exec
java_class_path (initial): C:\Program Files\NetBeans-14\netbeans\java\maven\boot\plexus-classworlds-2.6.0.jar
Launcher Type: SUN_STANDARD

[Global flags]
     intx CICompilerCount                          = 4                                         {product} {ergonomic}
     uint ConcGCThreads                            = 3                                         {product} {ergonomic}
     uint G1ConcRefinementThreads                  = 10                                        {product} {ergonomic}
   size_t G1HeapRegionSize                         = 1048576                                   {product} {ergonomic}
    uintx GCDrainStackTargetSize                   = 64                                        {product} {ergonomic}
   size_t InitialHeapSize                          = 132120576                                 {product} {ergonomic}
   size_t MarkStackSize                            = 4194304                                   {product} {ergonomic}
   size_t MaxHeapSize                              = 2109734912                                {product} {ergonomic}
   size_t MaxNewSize                               = 1265631232                                {product} {ergonomic}
   size_t MinHeapDeltaBytes                        = 1048576                                   {product} {ergonomic}
   size_t MinHeapSize                              = 8388608                                   {product} {ergonomic}
    uintx NonNMethodCodeHeapSize                   = 5839372                                {pd product} {ergonomic}
    uintx NonProfiledCodeHeapSize                  = 122909434                              {pd product} {ergonomic}
    uintx ProfiledCodeHeapSize                     = 122909434                              {pd product} {ergonomic}
    uintx ReservedCodeCacheSize                    = 251658240                              {pd product} {ergonomic}
     bool SegmentedCodeCache                       = true                                      {product} {ergonomic}
   size_t SoftMaxHeapSize                          = 2109734912                             {manageable} {ergonomic}
     bool UseCompressedClassPointers               = true                           {product lp64_product} {ergonomic}
     bool UseCompressedOops                        = true                           {product lp64_product} {ergonomic}
     bool UseG1GC                                  = true                                      {product} {ergonomic}
     bool UseLargePagesIndividualAllocation        = false                                  {pd product} {ergonomic}

Logging:
Log output configuration:
 #0: stdout all=warning uptime,level,tags foldmultilines=false
 #1: stderr all=off uptime,level,tags foldmultilines=false

Environment Variables:
JAVA_HOME=C:\Program Files\Java\jdk-19
PATH=C:\Program Files\Common Files\Oracle\Java\javapath;C:\Windows\system32;C:\Windows;C:\Windows\System32\Wbem;C:\Windows\System32\WindowsPowerShell\v1.0\;C:\Windows\System32\OpenSSH\;C:\Program Files (x86)\NVIDIA Corporation\PhysX\Common;C:\ProgramData\UNIVALI\Portugol Studio;C:\Program Files\NVIDIA Corporation\NVIDIA NvDLISR;C:\Users\Pichau\AppData\Local\Microsoft\WindowsApps;;C:\Users\Pichau\AppData\Local\Programs\Microsoft VS Code\bin
USERNAME=Maria
OS=Windows_NT
PROCESSOR_IDENTIFIER=Intel64 Family 6 Model 165 Stepping 3, GenuineIntel
TMP=C:\Users\Pichau\AppData\Local\Temp
TEMP=C:\Users\Pichau\AppData\Local\Temp



---------------  S Y S T E M  ---------------

OS:
 Windows 10 , 64 bit Build 19041 (10.0.19041.2546)
OS uptime: 1 days 22:35 hours

CPU: total 12 (initial active 12) (6 cores per cpu, 2 threads per core) family 6 model 165 stepping 3 microcode 0xe0, cx8, cmov, fxsr, ht, mmx, 3dnowpref, sse, sse2, sse3, ssse3, sse4.1, sse4.2, popcnt, lzcnt, tsc, tscinvbit, avx, avx2, aes, erms, clmul, bmi1, bmi2, adx, fma, vzeroupper, clflush, clflushopt, rdtscp

Memory: 4k page, system-wide physical 8044M (2014M free)
TotalPageFile size 10092M (AvailPageFile size 5M)
current process WorkingSet (physical memory assigned to process): 70M, peak: 70M
current process commit charge ("private bytes"): 231M, peak: 231M

vm_info: Java HotSpot(TM) 64-Bit Server VM (19.0.2+7-44) for windows-amd64 JRE (19.0.2+7-44), built on 2022-11-30T18:02:09Z by "mach5one" with MS VC++ 17.1 (VS2022)

END.
